SF:/Users/turkelgadirzade/Desktop/Projects/Quantic/src/Quantic.Cache.InMemory/Composition/CompositionInMemoryCacheExtension.cs
FN:13,Quantic.Core.IQuanticBuilder Quantic.Cache.InMemory.CompositionInMemoryCacheExtension::AddMemoryCacheDecorator(Quantic.Core.IQuanticBuilder,System.Action`1<Quantic.Cache.InMemory.InMemoryCacheOption>)
FNDA:5,Quantic.Core.IQuanticBuilder Quantic.Cache.InMemory.CompositionInMemoryCacheExtension::AddMemoryCacheDecorator(Quantic.Core.IQuanticBuilder,System.Action`1<Quantic.Cache.InMemory.InMemoryCacheOption>)
DA:14,5
DA:15,5
DA:16,5
DA:18,5
DA:20,5
DA:22,5
DA:24,25
DA:25,5
DA:26,5
DA:27,5
DA:29,5
DA:31,101
DA:32,20
DA:33,20
DA:34,20
DA:35,20
DA:44,5
DA:45,5
BRDA:16,8,1,3
BRDA:16,8,0,5
BRDA:18,21,0,0
BRDA:18,21,1,5
BRDA:18,33,0,5
BRDA:18,33,1,5
BRDA:24,112,1,5
BRDA:24,112,0,5
BRDA:31,150,0,1
BRDA:31,150,1,5
BRDA:31,253,1,20
BRDA:31,253,0,5
FN:37,System.Boolean Quantic.Cache.InMemory.CompositionInMemoryCacheExtension::<AddMemoryCacheDecorator>g__ShouldDecorate|0_0(Microsoft.Extensions.DependencyInjection.ServiceDescriptor)
FNDA:46,System.Boolean Quantic.Cache.InMemory.CompositionInMemoryCacheExtension::<AddMemoryCacheDecorator>g__ShouldDecorate|0_0(Microsoft.Extensions.DependencyInjection.ServiceDescriptor)
DA:38,46
DA:39,46
DA:40,46
DA:41,46
DA:42,46
BRDA:39,12,0,35
BRDA:39,40,0,35
BRDA:39,49,0,0
BRDA:39,49,1,35
BRDA:39,12,1,11
BRDA:39,40,1,11
LF:23
LH:23
BRF:18
BRH:16
FNF:2
FNH:2
end_of_record
SF:/Users/turkelgadirzade/Desktop/Projects/Quantic/src/Quantic.Cache.InMemory/Composition/InMemoryCacheOption.cs
FN:6,Microsoft.Extensions.Caching.Memory.MemoryCacheOptions Quantic.Cache.InMemory.InMemoryCacheOption::get_MemoryCacheOptions()
FNDA:5,Microsoft.Extensions.Caching.Memory.MemoryCacheOptions Quantic.Cache.InMemory.InMemoryCacheOption::get_MemoryCacheOptions()
DA:7,5
LF:1
LH:1
BRF:0
BRH:0
FNF:1
FNH:1
end_of_record
SF:/Users/turkelgadirzade/Desktop/Projects/Quantic/src/Quantic.Cache.InMemory/Main/CacheKeyProviderTypeException.cs
FN:6,System.Void Quantic.Cache.InMemory.CacheKeyProviderTypeException::.ctor(System.String)
FNDA:6,System.Void Quantic.Cache.InMemory.CacheKeyProviderTypeException::.ctor(System.String)
DA:7,6
LF:1
LH:1
BRF:0
BRH:0
FNF:1
FNH:1
end_of_record
SF:/Users/turkelgadirzade/Desktop/Projects/Quantic/src/Quantic.Cache.InMemory/Main/CacheOption.cs
FN:7,System.Double Quantic.Cache.InMemory.CacheOption::get_ExpireInSeconds()
FNDA:16,System.Double Quantic.Cache.InMemory.CacheOption::get_ExpireInSeconds()
DA:8,16
FN:8,System.Type Quantic.Cache.InMemory.CacheOption::get_CacheKeyProviderType()
FNDA:22,System.Type Quantic.Cache.InMemory.CacheOption::get_CacheKeyProviderType()
DA:9,22
FN:17,System.Boolean Quantic.Cache.InMemory.CacheOption::Equals(System.Object)
FNDA:1,System.Boolean Quantic.Cache.InMemory.CacheOption::Equals(System.Object)
DA:18,1
DA:19,1
DA:20,1
DA:22,0
DA:23,1
BRDA:19,7,0,1
BRDA:19,7,1,0
FN:25,System.Boolean Quantic.Cache.InMemory.CacheOption::Equals(Quantic.Cache.InMemory.CacheOption)
FNDA:4,System.Boolean Quantic.Cache.InMemory.CacheOption::Equals(Quantic.Cache.InMemory.CacheOption)
DA:26,4
DA:27,4
DA:28,1
DA:30,3
DA:31,4
BRDA:27,7,0,1
BRDA:27,7,1,3
BRDA:30,33,0,2
BRDA:30,33,1,1
FN:33,System.Int32 Quantic.Cache.InMemory.CacheOption::GetHashCode()
FNDA:0,System.Int32 Quantic.Cache.InMemory.CacheOption::GetHashCode()
DA:34,0
DA:35,0
DA:36,0
FN:10,System.Void Quantic.Cache.InMemory.CacheOption::.ctor(System.Double,System.Type)
FNDA:34,System.Void Quantic.Cache.InMemory.CacheOption::.ctor(System.Double,System.Type)
DA:11,34
DA:12,34
DA:13,34
DA:14,34
DA:15,34
LF:20
LH:16
BRF:6
BRH:5
FNF:6
FNH:5
end_of_record
SF:/Users/turkelgadirzade/Desktop/Projects/Quantic/src/Quantic.Cache.InMemory/Main/DecorateInMemoryCacheAttribute.cs
FN:7,System.Double Quantic.Cache.InMemory.DecorateInMemoryCacheAttribute::get_ExpireInSeconds()
FNDA:30,System.Double Quantic.Cache.InMemory.DecorateInMemoryCacheAttribute::get_ExpireInSeconds()
DA:8,30
FN:8,System.Type Quantic.Cache.InMemory.DecorateInMemoryCacheAttribute::get_CacheKeyProviderType()
FNDA:30,System.Type Quantic.Cache.InMemory.DecorateInMemoryCacheAttribute::get_CacheKeyProviderType()
DA:9,30
FN:10,System.Void Quantic.Cache.InMemory.DecorateInMemoryCacheAttribute::.ctor(System.Double,System.Type)
FNDA:51,System.Void Quantic.Cache.InMemory.DecorateInMemoryCacheAttribute::.ctor(System.Double,System.Type)
DA:11,51
DA:12,51
DA:13,51
DA:14,51
DA:15,51
LF:7
LH:7
BRF:0
BRH:0
FNF:3
FNH:3
end_of_record
SF:/Users/turkelgadirzade/Desktop/Projects/Quantic/src/Quantic.Cache.InMemory/Main/InMemoryCacheQueryHandlerDecorator.cs
FN:73,System.String Quantic.Cache.InMemory.InMemoryCacheQueryHandlerDecorator`2::GetCacheEntryKey(TQuery,Quantic.Core.RequestContext,Quantic.Cache.InMemory.QueryInfo)
FNDA:8,System.String Quantic.Cache.InMemory.InMemoryCacheQueryHandlerDecorator`2::GetCacheEntryKey(TQuery,Quantic.Core.RequestContext,Quantic.Cache.InMemory.QueryInfo)
DA:74,8
DA:76,8
DA:77,8
DA:78,8
DA:81,8
DA:82,8
DA:83,6
DA:86,2
DA:87,2
DA:88,2
DA:91,6
DA:92,6
DA:94,0
DA:95,0
DA:96,0
DA:98,6
DA:99,6
BRDA:76,20,0,8
BRDA:76,20,1,0
FN:16,System.Void Quantic.Cache.InMemory.InMemoryCacheQueryHandlerDecorator`2::.ctor(Quantic.Core.IQueryHandler`2<TQuery,TResponse>,Microsoft.Extensions.Caching.Memory.IMemoryCache,Quantic.Cache.InMemory.IQueryInfoProvider,Microsoft.Extensions.Logging.ILoggerFactory)
FNDA:6,System.Void Quantic.Cache.InMemory.InMemoryCacheQueryHandlerDecorator`2::.ctor(Quantic.Core.IQueryHandler`2<TQuery,TResponse>,Microsoft.Extensions.Caching.Memory.IMemoryCache,Quantic.Cache.InMemory.IQueryInfoProvider,Microsoft.Extensions.Logging.ILoggerFactory)
DA:17,6
DA:18,6
DA:19,6
DA:20,6
DA:21,6
DA:22,6
DA:23,6
DA:24,6
DA:25,6
DA:26,6
FN:48,System.Void Quantic.Cache.InMemory.InMemoryCacheQueryHandlerDecorator`2/<>c__DisplayClass5_0/<<Handle>b__0>d::MoveNext()
FNDA:10,System.Void Quantic.Cache.InMemory.InMemoryCacheQueryHandlerDecorator`2/<>c__DisplayClass5_0/<<Handle>b__0>d::MoveNext()
DA:49,10
DA:50,10
DA:52,10
DA:53,6
DA:54,6
DA:57,10
DA:58,6
DA:59,6
DA:62,10
DA:63,10
DA:64,10
DA:65,10
DA:67,10
DA:68,10
BRDA:49,8,0,4
BRDA:50,71,1,4
BRDA:52,187,1,4
BRDA:57,242,1,4
BRDA:62,292,0,4
BRDA:62,292,1,4
FN:28,System.Void Quantic.Cache.InMemory.InMemoryCacheQueryHandlerDecorator`2/<Handle>d__5::MoveNext()
FNDA:10,System.Void Quantic.Cache.InMemory.InMemoryCacheQueryHandlerDecorator`2/<Handle>d__5::MoveNext()
DA:29,10
DA:30,10
DA:32,10
DA:35,10
DA:36,2
DA:37,2
DA:39,2
DA:42,8
DA:44,8
DA:46,6
DA:48,6
DA:51,6
DA:55,6
DA:56,6
DA:60,6
DA:61,6
DA:66,6
DA:70,6
DA:71,8
BRDA:29,14,0,10
BRDA:35,183,0,8
BRDA:35,183,1,2
BRDA:35,209,0,2
BRDA:37,243,0,2
BRDA:37,266,0,2
BRDA:39,363,1,2
BRDA:35,209,1,8
BRDA:48,606,0,4
BRDA:29,14,1,4
BRDA:48,606,1,6
LF:60
LH:57
BRF:19
BRH:18
FNF:4
FNH:4
end_of_record
SF:/Users/turkelgadirzade/Desktop/Projects/Quantic/src/Quantic.Cache.InMemory/Main/MemoryCacheExtension.cs
FN:10,T Quantic.Cache.InMemory.MemoryCacheExtension::GetOrAdd(Microsoft.Extensions.Caching.Memory.IMemoryCache,System.String,System.Func`1<T>)
FNDA:0,T Quantic.Cache.InMemory.MemoryCacheExtension::GetOrAdd(Microsoft.Extensions.Caching.Memory.IMemoryCache,System.String,System.Func`1<T>)
DA:11,0
DA:12,0
DA:13,0
DA:14,0
DA:15,0
DA:16,0
FN:20,System.Threading.Tasks.Task`1<T> Quantic.Cache.InMemory.MemoryCacheExtension::GetOrAddAsync(Microsoft.Extensions.Caching.Memory.IMemoryCache,System.String,System.Func`2<Microsoft.Extensions.Caching.Memory.ICacheEntry,System.Threading.Tasks.Task`1<T>>)
FNDA:6,System.Threading.Tasks.Task`1<T> Quantic.Cache.InMemory.MemoryCacheExtension::GetOrAddAsync(Microsoft.Extensions.Caching.Memory.IMemoryCache,System.String,System.Func`2<Microsoft.Extensions.Caching.Memory.ICacheEntry,System.Threading.Tasks.Task`1<T>>)
DA:21,6
DA:22,10
DA:23,14
DA:24,14
DA:25,14
DA:26,6
LF:12
LH:6
BRF:8
BRH:6
FNF:2
FNH:1
end_of_record
SF:/Users/turkelgadirzade/Desktop/Projects/Quantic/src/Quantic.Cache.InMemory/Main/QueryInfoProvider.cs
FN:51,Quantic.Cache.InMemory.QueryInfo Quantic.Cache.InMemory.QueryInfoProvider::GetQueryInfo(System.String)
FNDA:12,Quantic.Cache.InMemory.QueryInfo Quantic.Cache.InMemory.QueryInfoProvider::GetQueryInfo(System.String)
DA:52,12
DA:53,12
DA:54,12
BRDA:53,13,0,2
BRDA:53,13,1,10
FN:43,System.Boolean Quantic.Cache.InMemory.QueryInfoProvider::<.ctor>g__IsQueryHandler|1_0(System.Type)
FNDA:167,System.Boolean Quantic.Cache.InMemory.QueryInfoProvider::<.ctor>g__IsQueryHandler|1_0(System.Type)
DA:44,167
DA:45,167
DA:46,319
DA:47,319
DA:48,167
BRDA:45,13,0,1
BRDA:45,13,1,167
FN:10,System.Void Quantic.Cache.InMemory.QueryInfoProvider::.ctor(System.Collections.Generic.IEnumerable`1<System.Type>)
FNDA:12,System.Void Quantic.Cache.InMemory.QueryInfoProvider::.ctor(System.Collections.Generic.IEnumerable`1<System.Type>)
DA:11,12
DA:13,12
DA:14,12
DA:18,370
DA:19,167
DA:20,167
DA:21,47
DA:22,47
DA:24,47
DA:25,94
DA:26,94
DA:27,47
DA:28,47
DA:29,47
DA:31,47
DA:32,47
DA:33,47
DA:34,47
DA:35,47
DA:36,47
DA:37,47
DA:38,47
DA:39,47
DA:40,47
DA:41,167
DA:49,12
BRDA:18,204,1,167
BRDA:20,50,0,47
BRDA:24,75,0,1
BRDA:24,75,1,47
BRDA:31,162,0,20
BRDA:31,162,1,27
BRDA:20,50,1,167
BRDA:18,204,0,12
FN:59,System.String Quantic.Cache.InMemory.QueryInfo::get_Name()
FNDA:49,System.String Quantic.Cache.InMemory.QueryInfo::get_Name()
DA:60,49
FN:60,System.Boolean Quantic.Cache.InMemory.QueryInfo::get_HasCache()
FNDA:57,System.Boolean Quantic.Cache.InMemory.QueryInfo::get_HasCache()
DA:61,57
FN:61,System.Type Quantic.Cache.InMemory.QueryInfo::get_HandlerType()
FNDA:49,System.Type Quantic.Cache.InMemory.QueryInfo::get_HandlerType()
DA:62,49
FN:62,Quantic.Cache.InMemory.CacheOption Quantic.Cache.InMemory.QueryInfo::get_CacheOption()
FNDA:73,Quantic.Cache.InMemory.CacheOption Quantic.Cache.InMemory.QueryInfo::get_CacheOption()
DA:63,73
LF:38
LH:38
BRF:16
BRH:15
FNF:7
FNH:7
end_of_record