SF:/Users/turkelgadirzade/Desktop/Projects/Quantic/src/Quantic.Cache.InMemory/Composition/CompositionInMemoryCacheExtension.cs
FN:13,Quantic.Core.IQuanticBuilder Quantic.Cache.InMemory.CompositionInMemoryCacheExtension::AddMemoryCacheDecorator(Quantic.Core.IQuanticBuilder,System.Action`1<Quantic.Cache.InMemory.InMemoryCacheOption>)
FNDA:5,Quantic.Core.IQuanticBuilder Quantic.Cache.InMemory.CompositionInMemoryCacheExtension::AddMemoryCacheDecorator(Quantic.Core.IQuanticBuilder,System.Action`1<Quantic.Cache.InMemory.InMemoryCacheOption>)
DA:14,5
DA:15,5
DA:16,5
DA:18,5
DA:20,5
DA:22,5
DA:24,25
DA:25,5
DA:26,5
DA:27,5
DA:29,5
DA:31,86
DA:32,15
DA:33,15
DA:34,15
DA:35,15
DA:44,5
DA:45,5
BRDA:16,8,1,3
BRDA:16,8,0,5
BRDA:18,21,0,0
BRDA:18,21,1,5
BRDA:18,33,0,5
BRDA:18,33,1,5
BRDA:24,112,1,5
BRDA:24,112,0,5
BRDA:31,150,0,1
BRDA:31,150,1,5
BRDA:31,253,1,15
BRDA:31,253,0,5
FN:37,System.Boolean Quantic.Cache.InMemory.CompositionInMemoryCacheExtension::<AddMemoryCacheDecorator>g__ShouldDecorate|0_0(Microsoft.Extensions.DependencyInjection.ServiceDescriptor)
FNDA:41,System.Boolean Quantic.Cache.InMemory.CompositionInMemoryCacheExtension::<AddMemoryCacheDecorator>g__ShouldDecorate|0_0(Microsoft.Extensions.DependencyInjection.ServiceDescriptor)
DA:38,41
DA:39,41
DA:40,41
DA:41,41
DA:42,41
BRDA:39,12,0,30
BRDA:39,40,0,30
BRDA:39,49,0,0
BRDA:39,49,1,30
BRDA:39,12,1,11
BRDA:39,40,1,11
LF:23
LH:23
BRF:18
BRH:16
FNF:2
FNH:2
end_of_record
SF:/Users/turkelgadirzade/Desktop/Projects/Quantic/src/Quantic.Cache.InMemory/Composition/InMemoryCacheOption.cs
FN:6,Microsoft.Extensions.Caching.Memory.MemoryCacheOptions Quantic.Cache.InMemory.InMemoryCacheOption::get_MemoryCacheOptions()
FNDA:5,Microsoft.Extensions.Caching.Memory.MemoryCacheOptions Quantic.Cache.InMemory.InMemoryCacheOption::get_MemoryCacheOptions()
DA:7,5
LF:1
LH:1
BRF:0
BRH:0
FNF:1
FNH:1
end_of_record
SF:/Users/turkelgadirzade/Desktop/Projects/Quantic/src/Quantic.Cache.InMemory/Main/CacheKeyProviderTypeException.cs
FN:6,System.Void Quantic.Cache.InMemory.CacheKeyProviderTypeException::.ctor(System.String)
FNDA:3,System.Void Quantic.Cache.InMemory.CacheKeyProviderTypeException::.ctor(System.String)
DA:7,3
LF:1
LH:1
BRF:0
BRH:0
FNF:1
FNH:1
end_of_record
SF:/Users/turkelgadirzade/Desktop/Projects/Quantic/src/Quantic.Cache.InMemory/Main/CacheOption.cs
FN:7,System.Double Quantic.Cache.InMemory.CacheOption::get_ExpireInSeconds()
FNDA:16,System.Double Quantic.Cache.InMemory.CacheOption::get_ExpireInSeconds()
DA:8,16
FN:8,System.Type Quantic.Cache.InMemory.CacheOption::get_CacheKeyProviderType()
FNDA:20,System.Type Quantic.Cache.InMemory.CacheOption::get_CacheKeyProviderType()
DA:9,20
FN:17,System.Boolean Quantic.Cache.InMemory.CacheOption::Equals(System.Object)
FNDA:1,System.Boolean Quantic.Cache.InMemory.CacheOption::Equals(System.Object)
DA:18,1
DA:19,1
DA:20,1
DA:22,0
DA:23,1
BRDA:19,7,0,1
BRDA:19,7,1,0
FN:25,System.Boolean Quantic.Cache.InMemory.CacheOption::Equals(Quantic.Cache.InMemory.CacheOption)
FNDA:4,System.Boolean Quantic.Cache.InMemory.CacheOption::Equals(Quantic.Cache.InMemory.CacheOption)
DA:26,4
DA:27,4
DA:28,1
DA:30,3
DA:31,4
BRDA:27,7,0,1
BRDA:27,7,1,3
BRDA:30,33,0,2
BRDA:30,33,1,1
FN:33,System.Int32 Quantic.Cache.InMemory.CacheOption::GetHashCode()
FNDA:0,System.Int32 Quantic.Cache.InMemory.CacheOption::GetHashCode()
DA:34,0
DA:35,0
DA:36,0
FN:10,System.Void Quantic.Cache.InMemory.CacheOption::.ctor(System.Double,System.Type)
FNDA:27,System.Void Quantic.Cache.InMemory.CacheOption::.ctor(System.Double,System.Type)
DA:11,27
DA:12,27
DA:13,27
DA:14,27
DA:15,27
LF:20
LH:16
BRF:6
BRH:5
FNF:6
FNH:5
end_of_record
SF:/Users/turkelgadirzade/Desktop/Projects/Quantic/src/Quantic.Cache.InMemory/Main/DecorateInMemoryCacheAttribute.cs
FN:7,System.Double Quantic.Cache.InMemory.DecorateInMemoryCacheAttribute::get_ExpireInSeconds()
FNDA:23,System.Double Quantic.Cache.InMemory.DecorateInMemoryCacheAttribute::get_ExpireInSeconds()
DA:8,23
FN:8,System.Type Quantic.Cache.InMemory.DecorateInMemoryCacheAttribute::get_CacheKeyProviderType()
FNDA:23,System.Type Quantic.Cache.InMemory.DecorateInMemoryCacheAttribute::get_CacheKeyProviderType()
DA:9,23
FN:10,System.Void Quantic.Cache.InMemory.DecorateInMemoryCacheAttribute::.ctor(System.Double,System.Type)
FNDA:39,System.Void Quantic.Cache.InMemory.DecorateInMemoryCacheAttribute::.ctor(System.Double,System.Type)
DA:11,39
DA:12,39
DA:13,39
DA:14,39
DA:15,39
LF:7
LH:7
BRF:0
BRH:0
FNF:3
FNH:3
end_of_record
SF:/Users/turkelgadirzade/Desktop/Projects/Quantic/src/Quantic.Cache.InMemory/Main/InMemoryCacheQueryHandlerDecorator.cs
FN:77,System.String Quantic.Cache.InMemory.InMemoryCacheQueryHandlerDecorator`2::GetCacheEntryKey(TQuery,Quantic.Core.RequestContext,Quantic.Cache.InMemory.QueryInfo)
FNDA:7,System.String Quantic.Cache.InMemory.InMemoryCacheQueryHandlerDecorator`2::GetCacheEntryKey(TQuery,Quantic.Core.RequestContext,Quantic.Cache.InMemory.QueryInfo)
DA:78,7
DA:80,7
DA:81,7
DA:82,7
DA:85,7
DA:86,7
DA:87,6
DA:90,1
DA:91,1
DA:92,1
DA:95,6
DA:96,6
DA:98,0
DA:99,0
DA:100,0
DA:102,6
DA:103,6
BRDA:80,20,0,7
BRDA:80,20,1,0
FN:16,System.Void Quantic.Cache.InMemory.InMemoryCacheQueryHandlerDecorator`2::.ctor(Quantic.Core.IQueryHandler`2<TQuery,TResponse>,Microsoft.Extensions.Caching.Memory.IMemoryCache,Quantic.Cache.InMemory.IQueryInfoProvider,Microsoft.Extensions.Logging.ILoggerFactory)
FNDA:5,System.Void Quantic.Cache.InMemory.InMemoryCacheQueryHandlerDecorator`2::.ctor(Quantic.Core.IQueryHandler`2<TQuery,TResponse>,Microsoft.Extensions.Caching.Memory.IMemoryCache,Quantic.Cache.InMemory.IQueryInfoProvider,Microsoft.Extensions.Logging.ILoggerFactory)
DA:17,5
DA:18,5
DA:19,5
DA:20,5
DA:21,5
DA:22,5
DA:23,5
DA:24,5
DA:25,5
DA:26,5
FN:52,System.Void Quantic.Cache.InMemory.InMemoryCacheQueryHandlerDecorator`2/<>c__DisplayClass5_0/<<Handle>b__0>d::MoveNext()
FNDA:10,System.Void Quantic.Cache.InMemory.InMemoryCacheQueryHandlerDecorator`2/<>c__DisplayClass5_0/<<Handle>b__0>d::MoveNext()
DA:53,10
DA:54,10
DA:56,10
DA:57,6
DA:58,6
DA:61,10
DA:62,6
DA:63,6
DA:66,10
DA:67,10
DA:68,10
DA:69,10
DA:71,10
DA:72,10
BRDA:53,8,0,4
BRDA:54,71,1,4
BRDA:56,187,1,4
BRDA:61,242,1,4
BRDA:66,292,0,4
BRDA:66,292,1,4
FN:28,System.Void Quantic.Cache.InMemory.InMemoryCacheQueryHandlerDecorator`2/<Handle>d__5::MoveNext()
FNDA:9,System.Void Quantic.Cache.InMemory.InMemoryCacheQueryHandlerDecorator`2/<Handle>d__5::MoveNext()
DA:29,9
DA:30,9
DA:32,9
DA:34,9
DA:37,9
DA:38,2
DA:39,2
DA:41,2
DA:44,7
DA:46,7
DA:48,7
DA:50,6
DA:52,6
DA:55,6
DA:59,6
DA:60,6
DA:64,6
DA:65,6
DA:70,6
DA:74,6
DA:75,8
BRDA:29,14,0,9
BRDA:34,200,0,2
BRDA:34,200,1,7
BRDA:37,238,0,7
BRDA:37,238,1,2
BRDA:37,264,0,2
BRDA:39,298,0,2
BRDA:41,395,1,2
BRDA:37,264,1,7
BRDA:52,665,0,4
BRDA:29,14,1,4
BRDA:52,665,1,6
LF:62
LH:59
BRF:20
BRH:19
FNF:4
FNH:4
end_of_record
SF:/Users/turkelgadirzade/Desktop/Projects/Quantic/src/Quantic.Cache.InMemory/Main/MemoryCacheExtension.cs
FN:10,T Quantic.Cache.InMemory.MemoryCacheExtension::GetOrAdd(Microsoft.Extensions.Caching.Memory.IMemoryCache,System.String,System.Func`1<T>)
FNDA:0,T Quantic.Cache.InMemory.MemoryCacheExtension::GetOrAdd(Microsoft.Extensions.Caching.Memory.IMemoryCache,System.String,System.Func`1<T>)
DA:11,0
DA:12,0
DA:13,0
DA:14,0
DA:15,0
DA:16,0
FN:20,System.Threading.Tasks.Task`1<T> Quantic.Cache.InMemory.MemoryCacheExtension::GetOrAddAsync(Microsoft.Extensions.Caching.Memory.IMemoryCache,System.String,System.Func`2<Microsoft.Extensions.Caching.Memory.ICacheEntry,System.Threading.Tasks.Task`1<T>>)
FNDA:6,System.Threading.Tasks.Task`1<T> Quantic.Cache.InMemory.MemoryCacheExtension::GetOrAddAsync(Microsoft.Extensions.Caching.Memory.IMemoryCache,System.String,System.Func`2<Microsoft.Extensions.Caching.Memory.ICacheEntry,System.Threading.Tasks.Task`1<T>>)
DA:21,6
DA:22,10
DA:23,14
DA:24,14
DA:25,14
DA:26,6
LF:12
LH:6
BRF:8
BRH:6
FNF:2
FNH:1
end_of_record
SF:/Users/turkelgadirzade/Desktop/Projects/Quantic/src/Quantic.Cache.InMemory/Main/QueryInfoProvider.cs
FN:51,Quantic.Cache.InMemory.QueryInfo Quantic.Cache.InMemory.QueryInfoProvider::GetQueryInfo(System.String)
FNDA:11,Quantic.Cache.InMemory.QueryInfo Quantic.Cache.InMemory.QueryInfoProvider::GetQueryInfo(System.String)
DA:52,11
DA:53,11
DA:54,11
BRDA:53,13,0,2
BRDA:53,13,1,9
FN:43,System.Boolean Quantic.Cache.InMemory.QueryInfoProvider::<.ctor>g__IsQueryHandler|1_0(System.Type)
FNDA:149,System.Boolean Quantic.Cache.InMemory.QueryInfoProvider::<.ctor>g__IsQueryHandler|1_0(System.Type)
DA:44,149
DA:45,149
DA:46,283
DA:47,283
DA:48,149
BRDA:45,13,0,1
BRDA:45,13,1,149
FN:10,System.Void Quantic.Cache.InMemory.QueryInfoProvider::.ctor(System.Collections.Generic.IEnumerable`1<System.Type>)
FNDA:10,System.Void Quantic.Cache.InMemory.QueryInfoProvider::.ctor(System.Collections.Generic.IEnumerable`1<System.Type>)
DA:11,10
DA:13,10
DA:14,10
DA:18,328
DA:19,149
DA:20,149
DA:21,39
DA:22,39
DA:24,39
DA:25,78
DA:26,78
DA:27,39
DA:28,39
DA:29,39
DA:31,39
DA:32,39
DA:33,39
DA:34,39
DA:35,39
DA:36,39
DA:37,39
DA:38,39
DA:39,39
DA:40,39
DA:41,149
DA:49,10
BRDA:18,204,1,149
BRDA:20,50,0,39
BRDA:24,75,0,1
BRDA:24,75,1,39
BRDA:31,162,0,19
BRDA:31,162,1,20
BRDA:20,50,1,149
BRDA:18,204,0,10
FN:59,System.String Quantic.Cache.InMemory.QueryInfo::get_Name()
FNDA:54,System.String Quantic.Cache.InMemory.QueryInfo::get_Name()
DA:60,54
FN:60,System.Boolean Quantic.Cache.InMemory.QueryInfo::get_HasCache()
FNDA:48,System.Boolean Quantic.Cache.InMemory.QueryInfo::get_HasCache()
DA:61,48
FN:61,System.Type Quantic.Cache.InMemory.QueryInfo::get_HandlerType()
FNDA:41,System.Type Quantic.Cache.InMemory.QueryInfo::get_HandlerType()
DA:62,41
FN:62,Quantic.Cache.InMemory.CacheOption Quantic.Cache.InMemory.QueryInfo::get_CacheOption()
FNDA:63,Quantic.Cache.InMemory.CacheOption Quantic.Cache.InMemory.QueryInfo::get_CacheOption()
DA:63,63
LF:38
LH:38
BRF:16
BRH:15
FNF:7
FNH:7
end_of_record