SF:/Users/turkelgadirzade/Desktop/Projects/Quantic/src/Quantic.FeatureManagement/Composition/QuanticCompositionFeatureExtension.cs
FN:11,Quantic.Core.IQuanticBuilder Quantic.FeatureManagement.QuanticCompositionFeatureExtension::AddFeatureManagementDecorator(Quantic.Core.IQuanticBuilder)
FNDA:4,Quantic.Core.IQuanticBuilder Quantic.FeatureManagement.QuanticCompositionFeatureExtension::AddFeatureManagementDecorator(Quantic.Core.IQuanticBuilder)
DA:12,4
DA:13,4
DA:15,76
DA:16,32
DA:17,32
DA:18,12
DA:19,12
DA:20,12
DA:21,12
DA:23,32
DA:24,8
DA:25,8
DA:26,8
DA:27,8
DA:29,32
DA:46,4
DA:47,4
BRDA:15,162,1,32
BRDA:17,50,0,12
BRDA:17,50,1,32
BRDA:23,106,0,8
BRDA:23,106,1,32
BRDA:15,162,0,4
FN:30,System.Boolean Quantic.FeatureManagement.QuanticCompositionFeatureExtension::<AddFeatureManagementDecorator>g__ShouldDecorateCommandHandler|0_0(Microsoft.Extensions.DependencyInjection.ServiceDescriptor)
FNDA:32,System.Boolean Quantic.FeatureManagement.QuanticCompositionFeatureExtension::<AddFeatureManagementDecorator>g__ShouldDecorateCommandHandler|0_0(Microsoft.Extensions.DependencyInjection.ServiceDescriptor)
DA:31,32
DA:32,32
DA:33,32
DA:34,32
DA:35,32
DA:36,32
BRDA:32,12,0,28
BRDA:32,21,0,0
BRDA:32,21,1,28
BRDA:32,32,0,28
BRDA:32,50,0,20
BRDA:32,12,1,12
BRDA:32,32,1,12
BRDA:32,50,1,12
FN:38,System.Boolean Quantic.FeatureManagement.QuanticCompositionFeatureExtension::<AddFeatureManagementDecorator>g__ShouldDecorateQueryHandler|0_1(Microsoft.Extensions.DependencyInjection.ServiceDescriptor)
FNDA:32,System.Boolean Quantic.FeatureManagement.QuanticCompositionFeatureExtension::<AddFeatureManagementDecorator>g__ShouldDecorateQueryHandler|0_1(Microsoft.Extensions.DependencyInjection.ServiceDescriptor)
DA:39,32
DA:40,32
DA:41,32
DA:42,32
DA:43,32
DA:44,32
BRDA:40,12,0,28
BRDA:40,21,0,0
BRDA:40,21,1,28
BRDA:40,32,0,28
BRDA:40,50,0,20
BRDA:40,12,1,12
BRDA:40,32,1,12
BRDA:40,50,1,12
LF:29
LH:29
BRF:22
BRH:20
FNF:3
FNH:3
end_of_record
SF:/Users/turkelgadirzade/Desktop/Projects/Quantic/src/Quantic.FeatureManagement/Main/DecorateFeatureManagementAttribute.cs
FN:8,System.String Quantic.FeatureManagement.DecorateFeatureManagementAttribute::get_Feature()
FNDA:4,System.String Quantic.FeatureManagement.DecorateFeatureManagementAttribute::get_Feature()
DA:9,4
FN:9,System.Void Quantic.FeatureManagement.DecorateFeatureManagementAttribute::.ctor(System.String)
FNDA:100,System.Void Quantic.FeatureManagement.DecorateFeatureManagementAttribute::.ctor(System.String)
DA:10,100
DA:11,100
DA:12,100
DA:13,100
DA:14,100
LF:6
LH:6
BRF:0
BRH:0
FNF:2
FNH:2
end_of_record
SF:/Users/turkelgadirzade/Desktop/Projects/Quantic/src/Quantic.FeatureManagement/Main/FeatureHeader.cs
FN:4,System.Void Quantic.FeatureManagement.FeatureHeader::.cctor()
FNDA:1,System.Void Quantic.FeatureManagement.FeatureHeader::.cctor()
DA:5,1
LF:1
LH:1
BRF:0
BRH:0
FNF:1
FNH:1
end_of_record
SF:/Users/turkelgadirzade/Desktop/Projects/Quantic/src/Quantic.FeatureManagement/Main/FeatureManagementCommandHandlerDecorator.cs
FN:13,System.Void Quantic.FeatureManagement.FeatureManagementCommandHandlerDecorator`1::.ctor(Quantic.Core.ICommandHandler`1<TCommand>,Quantic.FeatureManagement.FeatureSettingsHolder,Quantic.FeatureManagement.IHandlerFeatureInfoProvider)
FNDA:5,System.Void Quantic.FeatureManagement.FeatureManagementCommandHandlerDecorator`1::.ctor(Quantic.Core.ICommandHandler`1<TCommand>,Quantic.FeatureManagement.FeatureSettingsHolder,Quantic.FeatureManagement.IHandlerFeatureInfoProvider)
DA:14,5
DA:15,5
DA:16,5
DA:17,5
DA:18,5
DA:19,5
DA:20,5
DA:21,5
FN:56,System.String Quantic.FeatureManagement.FeatureManagementCommandHandlerDecorator`1/<>c::<Handle>b__4_0(System.String)
FNDA:3,System.String Quantic.FeatureManagement.FeatureManagementCommandHandlerDecorator`1/<>c::<Handle>b__4_0(System.String)
DA:57,3
FN:23,System.Void Quantic.FeatureManagement.FeatureManagementCommandHandlerDecorator`1/<Handle>d__4::MoveNext()
FNDA:4,System.Void Quantic.FeatureManagement.FeatureManagementCommandHandlerDecorator`1/<Handle>d__4::MoveNext()
DA:24,4
DA:25,4
DA:27,4
DA:28,1
DA:30,3
DA:32,21
DA:33,6
DA:34,6
DA:35,4
DA:36,4
DA:37,4
DA:38,6
DA:40,3
DA:41,1
DA:43,2
DA:45,14
DA:46,4
DA:47,4
DA:48,1
DA:49,1
DA:50,1
DA:51,4
DA:53,2
DA:54,1
DA:59,7
DA:60,2
DA:61,2
DA:62,2
DA:64,1
DA:65,4
BRDA:27,98,0,1
BRDA:28,144,1,1
BRDA:27,98,1,3
BRDA:32,358,1,6
BRDA:34,328,0,4
BRDA:34,328,1,6
BRDA:32,358,0,3
BRDA:40,404,0,1
BRDA:41,451,1,1
BRDA:40,404,1,2
BRDA:45,569,1,2
BRDA:45,672,1,4
BRDA:47,642,0,1
BRDA:47,642,1,4
BRDA:45,672,0,2
BRDA:53,721,0,1
BRDA:53,721,1,1
BRDA:57,757,0,1
BRDA:57,757,1,1
BRDA:59,883,1,2
BRDA:59,883,0,1
BRDA:64,961,1,1
LF:39
LH:39
BRF:22
BRH:22
FNF:3
FNH:3
end_of_record
SF:/Users/turkelgadirzade/Desktop/Projects/Quantic/src/Quantic.FeatureManagement/Main/FeatureManagementQueryHandlerDecorator.cs
FN:14,System.Void Quantic.FeatureManagement.FeatureManagementQueryHandlerDecorator`2::.ctor(Quantic.Core.IQueryHandler`2<TQuery,TResponse>,Quantic.FeatureManagement.FeatureSettingsHolder,Quantic.FeatureManagement.IHandlerFeatureInfoProvider)
FNDA:5,System.Void Quantic.FeatureManagement.FeatureManagementQueryHandlerDecorator`2::.ctor(Quantic.Core.IQueryHandler`2<TQuery,TResponse>,Quantic.FeatureManagement.FeatureSettingsHolder,Quantic.FeatureManagement.IHandlerFeatureInfoProvider)
DA:15,5
DA:16,5
DA:17,5
DA:18,5
DA:19,5
DA:20,5
DA:21,5
DA:22,5
FN:56,System.String Quantic.FeatureManagement.FeatureManagementQueryHandlerDecorator`2/<>c::<Handle>b__4_0(System.String)
FNDA:3,System.String Quantic.FeatureManagement.FeatureManagementQueryHandlerDecorator`2/<>c::<Handle>b__4_0(System.String)
DA:57,3
FN:24,System.Void Quantic.FeatureManagement.FeatureManagementQueryHandlerDecorator`2/<Handle>d__4::MoveNext()
FNDA:4,System.Void Quantic.FeatureManagement.FeatureManagementQueryHandlerDecorator`2/<Handle>d__4::MoveNext()
DA:25,4
DA:26,4
DA:28,4
DA:29,1
DA:31,3
DA:33,21
DA:34,6
DA:35,6
DA:36,4
DA:37,4
DA:38,4
DA:39,6
DA:41,3
DA:42,1
DA:44,2
DA:46,14
DA:47,4
DA:48,4
DA:49,1
DA:50,1
DA:51,1
DA:52,4
DA:54,2
DA:55,1
DA:59,7
DA:60,2
DA:61,2
DA:62,2
DA:64,1
DA:65,4
BRDA:28,98,0,1
BRDA:29,144,1,1
BRDA:28,98,1,3
BRDA:33,358,1,6
BRDA:35,328,0,4
BRDA:35,328,1,6
BRDA:33,358,0,3
BRDA:41,404,0,1
BRDA:42,451,1,1
BRDA:41,404,1,2
BRDA:46,663,1,4
BRDA:48,633,0,1
BRDA:48,633,1,4
BRDA:46,663,0,2
BRDA:54,712,0,1
BRDA:54,712,1,1
BRDA:57,758,0,1
BRDA:57,758,1,1
BRDA:59,884,1,2
BRDA:59,884,0,1
BRDA:64,962,1,1
LF:39
LH:39
BRF:21
BRH:21
FNF:3
FNH:3
end_of_record
SF:/Users/turkelgadirzade/Desktop/Projects/Quantic/src/Quantic.FeatureManagement/Main/FeatureMessages.cs
FN:4,System.Void Quantic.FeatureManagement.FeatureMessages::.cctor()
FNDA:1,System.Void Quantic.FeatureManagement.FeatureMessages::.cctor()
DA:5,1
LF:1
LH:1
BRF:0
BRH:0
FNF:1
FNH:1
end_of_record
SF:/Users/turkelgadirzade/Desktop/Projects/Quantic/src/Quantic.FeatureManagement/Main/FeatureSetting.cs
FN:6,System.String Quantic.FeatureManagement.FeatureSetting::get_Name()
FNDA:39,System.String Quantic.FeatureManagement.FeatureSetting::get_Name()
DA:7,39
FN:7,System.Boolean Quantic.FeatureManagement.FeatureSetting::get_Enable()
FNDA:26,System.Boolean Quantic.FeatureManagement.FeatureSetting::get_Enable()
DA:8,26
FN:8,System.Void Quantic.FeatureManagement.FeatureSetting::.ctor()
FNDA:13,System.Void Quantic.FeatureManagement.FeatureSetting::.ctor()
DA:9,13
LF:3
LH:3
BRF:0
BRH:0
FNF:3
FNH:3
end_of_record
SF:/Users/turkelgadirzade/Desktop/Projects/Quantic/src/Quantic.FeatureManagement/Main/FeatureSettingsHolder.cs
FN:4,Quantic.FeatureManagement.FeatureSetting[] Quantic.FeatureManagement.FeatureSettingsHolder::get_Settings()
FNDA:21,Quantic.FeatureManagement.FeatureSetting[] Quantic.FeatureManagement.FeatureSettingsHolder::get_Settings()
DA:5,21
LF:1
LH:1
BRF:0
BRH:0
FNF:1
FNH:1
end_of_record
SF:/Users/turkelgadirzade/Desktop/Projects/Quantic/src/Quantic.FeatureManagement/Main/FeatureSettingsHolderExtension.cs
FN:8,System.Boolean Quantic.FeatureManagement.FeatureSettingsHolderExtension::FatureEnabled(Quantic.FeatureManagement.FeatureSettingsHolder,System.String,Quantic.Core.RequestContext)
FNDA:15,System.Boolean Quantic.FeatureManagement.FeatureSettingsHolderExtension::FatureEnabled(Quantic.FeatureManagement.FeatureSettingsHolder,System.String,Quantic.Core.RequestContext)
DA:9,15
DA:10,41
DA:12,15
DA:13,5
DA:15,10
DA:16,8
DA:18,2
DA:20,10
DA:21,2
DA:22,2
DA:24,2
DA:25,1
DA:26,1
DA:27,1
DA:28,2
DA:30,2
DA:31,15
BRDA:12,39,0,13
BRDA:12,39,1,2
BRDA:12,55,0,5
BRDA:12,55,1,10
BRDA:15,80,0,8
BRDA:15,80,1,2
BRDA:20,162,1,2
BRDA:24,148,0,1
BRDA:24,148,1,2
BRDA:20,162,0,2
LF:17
LH:17
BRF:10
BRH:10
FNF:1
FNH:1
end_of_record
SF:/Users/turkelgadirzade/Desktop/Projects/Quantic/src/Quantic.FeatureManagement/Main/HandlerFeatureInfo.cs
FN:12,System.String Quantic.FeatureManagement.HandlerFeatureInfo::get_Name()
FNDA:8,System.String Quantic.FeatureManagement.HandlerFeatureInfo::get_Name()
DA:13,8
FN:13,System.Collections.Generic.IEnumerable`1<System.String> Quantic.FeatureManagement.HandlerFeatureInfo::get_Features()
FNDA:22,System.Collections.Generic.IEnumerable`1<System.String> Quantic.FeatureManagement.HandlerFeatureInfo::get_Features()
DA:14,22
FN:6,System.Void Quantic.FeatureManagement.HandlerFeatureInfo::.ctor(System.String,System.Collections.Generic.IEnumerable`1<System.String>)
FNDA:11,System.Void Quantic.FeatureManagement.HandlerFeatureInfo::.ctor(System.String,System.Collections.Generic.IEnumerable`1<System.String>)
DA:7,11
DA:8,11
DA:9,11
DA:10,11
DA:11,11
LF:7
LH:7
BRF:0
BRH:0
FNF:3
FNH:3
end_of_record
SF:/Users/turkelgadirzade/Desktop/Projects/Quantic/src/Quantic.FeatureManagement/Main/HandlerFeatureInfoProvider.cs
FN:40,Quantic.FeatureManagement.HandlerFeatureInfo Quantic.FeatureManagement.HandlerFeatureInfoProvider::GetHandlerInfo(System.String)
FNDA:4,Quantic.FeatureManagement.HandlerFeatureInfo Quantic.FeatureManagement.HandlerFeatureInfoProvider::GetHandlerInfo(System.String)
DA:41,4
DA:42,4
DA:43,4
BRDA:42,13,0,1
BRDA:42,13,1,3
FN:44,System.Boolean Quantic.FeatureManagement.HandlerFeatureInfoProvider::IsQueryHandler(System.Type)
FNDA:0,System.Boolean Quantic.FeatureManagement.HandlerFeatureInfoProvider::IsQueryHandler(System.Type)
DA:45,0
DA:46,0
DA:47,0
DA:48,0
DA:49,0
BRDA:46,13,0,0
BRDA:46,13,1,0
FN:51,System.Boolean Quantic.FeatureManagement.HandlerFeatureInfoProvider::IsCommandHandler(System.Type)
FNDA:0,System.Boolean Quantic.FeatureManagement.HandlerFeatureInfoProvider::IsCommandHandler(System.Type)
DA:52,0
DA:53,0
DA:54,0
DA:55,0
DA:56,0
BRDA:53,13,0,0
BRDA:53,13,1,0
FN:10,System.Void Quantic.FeatureManagement.HandlerFeatureInfoProvider::.ctor(System.Collections.Generic.IEnumerable`1<System.Type>)
FNDA:4,System.Void Quantic.FeatureManagement.HandlerFeatureInfoProvider::.ctor(System.Collections.Generic.IEnumerable`1<System.Type>)
DA:11,4
DA:13,4
DA:14,4
DA:17,18
DA:18,3
DA:19,3
DA:20,3
DA:21,3
DA:22,15
DA:23,3
DA:24,3
DA:25,3
DA:26,3
DA:28,3
DA:29,3
DA:30,3
DA:31,3
DA:32,7
DA:33,3
DA:34,3
DA:35,3
DA:36,3
DA:37,3
DA:38,4
BRDA:17,274,1,3
BRDA:20,48,0,3
BRDA:20,48,1,0
BRDA:20,61,0,3
BRDA:22,261,1,3
BRDA:24,103,0,3
BRDA:28,135,0,2
BRDA:28,135,1,1
BRDA:28,161,0,3
BRDA:32,200,0,1
BRDA:32,200,1,3
BRDA:28,161,1,3
BRDA:24,103,1,3
BRDA:22,261,0,3
BRDA:20,61,1,3
BRDA:17,274,0,4
LF:37
LH:27
BRF:26
BRH:17
FNF:4
FNH:2
end_of_record
SF:/Users/turkelgadirzade/Desktop/Projects/Quantic/src/Quantic.FeatureManagement/Main/RequestContextExtension.cs
FN:7,System.String Quantic.FeatureManagement.RequestContextExtension::GetHeaderValue(Quantic.Core.RequestContext,System.String)
FNDA:16,System.String Quantic.FeatureManagement.RequestContextExtension::GetHeaderValue(Quantic.Core.RequestContext,System.String)
DA:8,16
DA:9,16
DA:10,16
DA:11,16
LF:4
LH:4
BRF:0
BRH:0
FNF:1
FNH:1
end_of_record