SF:/Users/turkelgadirzade/Desktop/Projects/Quantic/src/Quantic.FeatureManagement/Composition/QuanticCompositionFeatureExtension.cs
FN:11,Quantic.Core.IQuanticBuilder Quantic.FeatureManagement.QuanticCompositionFeatureExtension::AddFeatureManagementDecorator(Quantic.Core.IQuanticBuilder)
FNDA:4,Quantic.Core.IQuanticBuilder Quantic.FeatureManagement.QuanticCompositionFeatureExtension::AddFeatureManagementDecorator(Quantic.Core.IQuanticBuilder)
DA:12,4
DA:13,4
DA:15,76
DA:16,32
DA:17,32
DA:18,12
DA:19,12
DA:20,12
DA:21,12
DA:23,32
DA:24,8
DA:25,8
DA:26,8
DA:27,8
DA:29,32
DA:46,4
DA:47,4
BRDA:15,162,1,32
BRDA:17,50,0,12
BRDA:17,50,1,32
BRDA:23,106,0,8
BRDA:23,106,1,32
BRDA:15,162,0,4
FN:30,System.Boolean Quantic.FeatureManagement.QuanticCompositionFeatureExtension::<AddFeatureManagementDecorator>g__ShouldDecorateCommandHandler|0_0(Microsoft.Extensions.DependencyInjection.ServiceDescriptor)
FNDA:32,System.Boolean Quantic.FeatureManagement.QuanticCompositionFeatureExtension::<AddFeatureManagementDecorator>g__ShouldDecorateCommandHandler|0_0(Microsoft.Extensions.DependencyInjection.ServiceDescriptor)
DA:31,32
DA:32,32
DA:33,32
DA:34,32
DA:35,32
DA:36,32
BRDA:32,12,0,28
BRDA:32,21,0,0
BRDA:32,21,1,28
BRDA:32,32,0,28
BRDA:32,50,0,20
BRDA:32,12,1,12
BRDA:32,32,1,12
BRDA:32,50,1,12
FN:38,System.Boolean Quantic.FeatureManagement.QuanticCompositionFeatureExtension::<AddFeatureManagementDecorator>g__ShouldDecorateQueryHandler|0_1(Microsoft.Extensions.DependencyInjection.ServiceDescriptor)
FNDA:32,System.Boolean Quantic.FeatureManagement.QuanticCompositionFeatureExtension::<AddFeatureManagementDecorator>g__ShouldDecorateQueryHandler|0_1(Microsoft.Extensions.DependencyInjection.ServiceDescriptor)
DA:39,32
DA:40,32
DA:41,32
DA:42,32
DA:43,32
DA:44,32
BRDA:40,12,0,28
BRDA:40,21,0,0
BRDA:40,21,1,28
BRDA:40,32,0,28
BRDA:40,50,0,20
BRDA:40,12,1,12
BRDA:40,32,1,12
BRDA:40,50,1,12
LF:29
LH:29
BRF:22
BRH:20
FNF:3
FNH:3
end_of_record
SF:/Users/turkelgadirzade/Desktop/Projects/Quantic/src/Quantic.FeatureManagement/Main/DecorateFeatureManagementAttribute.cs
FN:8,System.String Quantic.FeatureManagement.DecorateFeatureManagementAttribute::get_Feature()
FNDA:4,System.String Quantic.FeatureManagement.DecorateFeatureManagementAttribute::get_Feature()
DA:9,4
FN:9,System.Void Quantic.FeatureManagement.DecorateFeatureManagementAttribute::.ctor(System.String)
FNDA:100,System.Void Quantic.FeatureManagement.DecorateFeatureManagementAttribute::.ctor(System.String)
DA:10,100
DA:11,100
DA:12,100
DA:13,100
DA:14,100
LF:6
LH:6
BRF:0
BRH:0
FNF:2
FNH:2
end_of_record
SF:/Users/turkelgadirzade/Desktop/Projects/Quantic/src/Quantic.FeatureManagement/Main/FeatureHeader.cs
FN:4,System.Void Quantic.FeatureManagement.FeatureHeader::.cctor()
FNDA:1,System.Void Quantic.FeatureManagement.FeatureHeader::.cctor()
DA:5,1
LF:1
LH:1
BRF:0
BRH:0
FNF:1
FNH:1
end_of_record
SF:/Users/turkelgadirzade/Desktop/Projects/Quantic/src/Quantic.FeatureManagement/Main/FeatureManagementCommandHandlerDecorator.cs
FN:13,System.Void Quantic.FeatureManagement.FeatureManagementCommandHandlerDecorator`1::.ctor(Quantic.Core.ICommandHandler`1<TCommand>,Quantic.FeatureManagement.FeatureSettingsHolder,Quantic.FeatureManagement.IHandlerFeatureInfoProvider)
FNDA:4,System.Void Quantic.FeatureManagement.FeatureManagementCommandHandlerDecorator`1::.ctor(Quantic.Core.ICommandHandler`1<TCommand>,Quantic.FeatureManagement.FeatureSettingsHolder,Quantic.FeatureManagement.IHandlerFeatureInfoProvider)
DA:14,4
DA:15,4
DA:16,4
DA:17,4
DA:18,4
DA:19,4
DA:20,4
DA:21,4
FN:30,System.Boolean Quantic.FeatureManagement.FeatureManagementCommandHandlerDecorator`1/<>c__DisplayClass4_0::<Handle>b__0(System.String)
FNDA:5,System.Boolean Quantic.FeatureManagement.FeatureManagementCommandHandlerDecorator`1/<>c__DisplayClass4_0::<Handle>b__0(System.String)
DA:31,5
DA:32,9
DA:33,5
FN:37,System.String Quantic.FeatureManagement.FeatureManagementCommandHandlerDecorator`1/<>c::<Handle>b__4_1(System.String)
FNDA:3,System.String Quantic.FeatureManagement.FeatureManagementCommandHandlerDecorator`1/<>c::<Handle>b__4_1(System.String)
DA:38,3
FN:23,System.Void Quantic.FeatureManagement.FeatureManagementCommandHandlerDecorator`1/<Handle>d__4::MoveNext()
FNDA:3,System.Void Quantic.FeatureManagement.FeatureManagementCommandHandlerDecorator`1/<Handle>d__4::MoveNext()
DA:24,3
DA:25,3
DA:27,3
DA:28,1
DA:30,2
DA:35,2
DA:36,1
DA:40,7
DA:41,2
DA:42,2
DA:43,2
DA:45,1
DA:46,3
BRDA:24,14,0,3
BRDA:27,129,0,1
BRDA:28,180,1,1
BRDA:27,129,1,2
BRDA:35,327,0,1
BRDA:35,327,1,1
BRDA:38,363,0,1
BRDA:38,363,1,1
BRDA:40,494,1,2
BRDA:40,494,0,1
BRDA:45,577,1,1
LF:25
LH:25
BRF:11
BRH:11
FNF:4
FNH:4
end_of_record
SF:/Users/turkelgadirzade/Desktop/Projects/Quantic/src/Quantic.FeatureManagement/Main/FeatureManagementQueryHandlerDecorator.cs
FN:14,System.Void Quantic.FeatureManagement.FeatureManagementQueryHandlerDecorator`2::.ctor(Quantic.Core.IQueryHandler`2<TQuery,TResponse>,Quantic.FeatureManagement.FeatureSettingsHolder,Quantic.FeatureManagement.IHandlerFeatureInfoProvider)
FNDA:4,System.Void Quantic.FeatureManagement.FeatureManagementQueryHandlerDecorator`2::.ctor(Quantic.Core.IQueryHandler`2<TQuery,TResponse>,Quantic.FeatureManagement.FeatureSettingsHolder,Quantic.FeatureManagement.IHandlerFeatureInfoProvider)
DA:15,4
DA:16,4
DA:17,4
DA:18,4
DA:19,4
DA:20,4
DA:21,4
DA:22,4
FN:31,System.Boolean Quantic.FeatureManagement.FeatureManagementQueryHandlerDecorator`2/<>c__DisplayClass4_0::<Handle>b__0(System.String)
FNDA:5,System.Boolean Quantic.FeatureManagement.FeatureManagementQueryHandlerDecorator`2/<>c__DisplayClass4_0::<Handle>b__0(System.String)
DA:32,5
DA:33,9
DA:34,5
FN:38,System.String Quantic.FeatureManagement.FeatureManagementQueryHandlerDecorator`2/<>c::<Handle>b__4_1(System.String)
FNDA:3,System.String Quantic.FeatureManagement.FeatureManagementQueryHandlerDecorator`2/<>c::<Handle>b__4_1(System.String)
DA:39,3
FN:24,System.Void Quantic.FeatureManagement.FeatureManagementQueryHandlerDecorator`2/<Handle>d__4::MoveNext()
FNDA:3,System.Void Quantic.FeatureManagement.FeatureManagementQueryHandlerDecorator`2/<Handle>d__4::MoveNext()
DA:25,3
DA:26,3
DA:28,3
DA:29,1
DA:31,2
DA:36,2
DA:37,1
DA:41,7
DA:42,2
DA:43,2
DA:44,2
DA:46,1
DA:47,3
BRDA:25,14,0,3
BRDA:28,129,0,1
BRDA:29,180,1,1
BRDA:28,129,1,2
BRDA:36,327,0,1
BRDA:36,327,1,1
BRDA:39,373,0,1
BRDA:39,373,1,1
BRDA:41,504,1,2
BRDA:41,504,0,1
BRDA:46,587,1,1
LF:25
LH:25
BRF:11
BRH:11
FNF:4
FNH:4
end_of_record
SF:/Users/turkelgadirzade/Desktop/Projects/Quantic/src/Quantic.FeatureManagement/Main/FeatureMessages.cs
FN:4,System.Void Quantic.FeatureManagement.FeatureMessages::.cctor()
FNDA:1,System.Void Quantic.FeatureManagement.FeatureMessages::.cctor()
DA:5,1
LF:1
LH:1
BRF:0
BRH:0
FNF:1
FNH:1
end_of_record
SF:/Users/turkelgadirzade/Desktop/Projects/Quantic/src/Quantic.FeatureManagement/Main/FeatureSetting.cs
FN:6,System.String Quantic.FeatureManagement.FeatureSetting::get_FeatureName()
FNDA:21,System.String Quantic.FeatureManagement.FeatureSetting::get_FeatureName()
DA:7,21
FN:7,System.Boolean Quantic.FeatureManagement.FeatureSetting::get_Enable()
FNDA:22,System.Boolean Quantic.FeatureManagement.FeatureSetting::get_Enable()
DA:8,22
FN:8,System.Void Quantic.FeatureManagement.FeatureSetting::.ctor()
FNDA:13,System.Void Quantic.FeatureManagement.FeatureSetting::.ctor()
DA:9,13
LF:3
LH:3
BRF:0
BRH:0
FNF:3
FNH:3
end_of_record
SF:/Users/turkelgadirzade/Desktop/Projects/Quantic/src/Quantic.FeatureManagement/Main/FeatureSettingsHolder.cs
FN:4,Quantic.FeatureManagement.FeatureSetting[] Quantic.FeatureManagement.FeatureSettingsHolder::get_Settings()
FNDA:10,Quantic.FeatureManagement.FeatureSetting[] Quantic.FeatureManagement.FeatureSettingsHolder::get_Settings()
DA:5,10
LF:1
LH:1
BRF:0
BRH:0
FNF:1
FNH:1
end_of_record
SF:/Users/turkelgadirzade/Desktop/Projects/Quantic/src/Quantic.FeatureManagement/Main/FeatureSettingsHolderExtension.cs
FN:8,System.Boolean Quantic.FeatureManagement.FeatureSettingsHolderExtension::Enabled(Quantic.FeatureManagement.FeatureSetting,Quantic.Core.RequestContext)
FNDA:13,System.Boolean Quantic.FeatureManagement.FeatureSettingsHolderExtension::Enabled(Quantic.FeatureManagement.FeatureSetting,Quantic.Core.RequestContext)
DA:9,13
DA:10,13
DA:11,2
DA:13,11
DA:14,9
DA:16,2
DA:18,10
DA:19,2
DA:20,2
DA:22,2
DA:23,1
DA:24,1
DA:25,1
DA:26,2
DA:28,2
DA:29,13
BRDA:10,7,0,2
BRDA:10,7,1,11
BRDA:13,29,0,9
BRDA:13,29,1,2
BRDA:18,115,1,2
BRDA:22,101,0,1
BRDA:22,101,1,2
BRDA:18,115,0,2
LF:16
LH:16
BRF:8
BRH:8
FNF:1
FNH:1
end_of_record
SF:/Users/turkelgadirzade/Desktop/Projects/Quantic/src/Quantic.FeatureManagement/Main/HandlerFeatureInfo.cs
FN:12,System.String Quantic.FeatureManagement.HandlerFeatureInfo::get_Name()
FNDA:8,System.String Quantic.FeatureManagement.HandlerFeatureInfo::get_Name()
DA:13,8
FN:13,System.Collections.Generic.IEnumerable`1<System.String> Quantic.FeatureManagement.HandlerFeatureInfo::get_Features()
FNDA:16,System.Collections.Generic.IEnumerable`1<System.String> Quantic.FeatureManagement.HandlerFeatureInfo::get_Features()
DA:14,16
FN:6,System.Void Quantic.FeatureManagement.HandlerFeatureInfo::.ctor(System.String,System.Collections.Generic.IEnumerable`1<System.String>)
FNDA:9,System.Void Quantic.FeatureManagement.HandlerFeatureInfo::.ctor(System.String,System.Collections.Generic.IEnumerable`1<System.String>)
DA:7,9
DA:8,9
DA:9,9
DA:10,9
DA:11,9
LF:7
LH:7
BRF:0
BRH:0
FNF:3
FNH:3
end_of_record
SF:/Users/turkelgadirzade/Desktop/Projects/Quantic/src/Quantic.FeatureManagement/Main/HandlerFeatureInfoProvider.cs
FN:40,Quantic.FeatureManagement.HandlerFeatureInfo Quantic.FeatureManagement.HandlerFeatureInfoProvider::GetHandlerInfo(System.String)
FNDA:4,Quantic.FeatureManagement.HandlerFeatureInfo Quantic.FeatureManagement.HandlerFeatureInfoProvider::GetHandlerInfo(System.String)
DA:41,4
DA:42,4
DA:43,4
BRDA:42,13,0,1
BRDA:42,13,1,3
FN:44,System.Boolean Quantic.FeatureManagement.HandlerFeatureInfoProvider::IsQueryHandler(System.Type)
FNDA:0,System.Boolean Quantic.FeatureManagement.HandlerFeatureInfoProvider::IsQueryHandler(System.Type)
DA:45,0
DA:46,0
DA:47,0
DA:48,0
DA:49,0
BRDA:46,13,0,0
BRDA:46,13,1,0
FN:51,System.Boolean Quantic.FeatureManagement.HandlerFeatureInfoProvider::IsCommandHandler(System.Type)
FNDA:0,System.Boolean Quantic.FeatureManagement.HandlerFeatureInfoProvider::IsCommandHandler(System.Type)
DA:52,0
DA:53,0
DA:54,0
DA:55,0
DA:56,0
BRDA:53,13,0,0
BRDA:53,13,1,0
FN:10,System.Void Quantic.FeatureManagement.HandlerFeatureInfoProvider::.ctor(System.Collections.Generic.IEnumerable`1<System.Type>)
FNDA:4,System.Void Quantic.FeatureManagement.HandlerFeatureInfoProvider::.ctor(System.Collections.Generic.IEnumerable`1<System.Type>)
DA:11,4
DA:13,4
DA:14,4
DA:17,18
DA:18,3
DA:19,3
DA:20,3
DA:21,3
DA:22,15
DA:23,3
DA:24,3
DA:25,3
DA:26,3
DA:28,3
DA:29,3
DA:30,3
DA:31,3
DA:32,7
DA:33,3
DA:34,3
DA:35,3
DA:36,3
DA:37,3
DA:38,4
BRDA:17,274,1,3
BRDA:20,48,0,3
BRDA:20,48,1,0
BRDA:20,61,0,3
BRDA:22,261,1,3
BRDA:24,103,0,3
BRDA:28,135,0,2
BRDA:28,135,1,1
BRDA:28,161,0,3
BRDA:32,200,0,1
BRDA:32,200,1,3
BRDA:28,161,1,3
BRDA:24,103,1,3
BRDA:22,261,0,3
BRDA:20,61,1,3
BRDA:17,274,0,4
LF:37
LH:27
BRF:26
BRH:17
FNF:4
FNH:2
end_of_record
SF:/Users/turkelgadirzade/Desktop/Projects/Quantic/src/Quantic.FeatureManagement/Main/RequestContextExtension.cs
FN:8,System.String Quantic.FeatureManagement.RequestContextExtension::GetHeaderValue(Quantic.Core.RequestContext,System.String)
FNDA:4,System.String Quantic.FeatureManagement.RequestContextExtension::GetHeaderValue(Quantic.Core.RequestContext,System.String)
DA:9,4
DA:10,4
DA:11,4
DA:12,4
LF:4
LH:4
BRF:0
BRH:0
FNF:1
FNH:1
end_of_record