SF:/Users/turkel/Desktop/personal/projecets/Quantic/src/Quantic.Log/Composition/QuanticCompositionLogExtension.cs
FN:9,Quantic.Core.IQuanticBuilder Quantic.Log.QuanticCompositionLogExtension::AddLogDecorator(Quantic.Core.IQuanticBuilder,System.Action`1<Quantic.Log.QuanticLogOptions>)
FNDA:4,Quantic.Core.IQuanticBuilder Quantic.Log.QuanticCompositionLogExtension::AddLogDecorator(Quantic.Core.IQuanticBuilder,System.Action`1<Quantic.Log.QuanticLogOptions>)
DA:10,4
DA:11,4
DA:12,4
DA:14,4
DA:15,4
DA:17,4
DA:18,4
DA:20,4
DA:21,4
BRDA:12,8,1,1
BRDA:12,8,0,4
BRDA:14,27,0,0
BRDA:14,27,1,4
BRDA:14,39,0,4
BRDA:14,39,1,4
BRDA:15,76,0,3
BRDA:15,76,1,4
LF:9
LH:9
BRF:8
BRH:7
FNF:1
FNH:1
end_of_record
SF:/Users/turkel/Desktop/personal/projecets/Quantic/src/Quantic.Log/Composition/QuanticLogOptions.cs
FN:7,System.Type Quantic.Log.QuanticLogOptions::get_RequestLoggerType()
FNDA:9,System.Type Quantic.Log.QuanticLogOptions::get_RequestLoggerType()
DA:8,9
FN:13,System.Void Quantic.Log.QuanticLogOptions::AddRequestLogger()
FNDA:1,System.Void Quantic.Log.QuanticLogOptions::AddRequestLogger()
DA:14,1
DA:15,1
DA:16,1
FN:16,Quantic.Log.LogSettings Quantic.Log.QuanticLogOptions::get_LogSettings()
FNDA:4,Quantic.Log.LogSettings Quantic.Log.QuanticLogOptions::get_LogSettings()
DA:17,4
FN:19,System.Void Quantic.Log.QuanticLogOptions::AddLogSettings(Quantic.Log.LogSettings)
FNDA:0,System.Void Quantic.Log.QuanticLogOptions::AddLogSettings(Quantic.Log.LogSettings)
DA:20,0
DA:21,0
DA:22,0
LF:8
LH:5
BRF:0
BRH:0
FNF:4
FNH:3
end_of_record
SF:/Users/turkel/Desktop/personal/projecets/Quantic/src/Quantic.Log/Main/LogCommandHandlerDecorator.cs
FN:18,System.Void Quantic.Log.LogCommandHandlerDecorator`1::.ctor(Quantic.Log.IRequestLogger,Quantic.Core.ICommandHandler`1<TCommand>,Quantic.Log.LogSettings,Microsoft.Extensions.Logging.ILogger`1<TCommand>)
FNDA:4,System.Void Quantic.Log.LogCommandHandlerDecorator`1::.ctor(Quantic.Log.IRequestLogger,Quantic.Core.ICommandHandler`1<TCommand>,Quantic.Log.LogSettings,Microsoft.Extensions.Logging.ILogger`1<TCommand>)
DA:19,4
DA:20,4
DA:21,4
DA:22,4
DA:23,4
DA:24,4
DA:25,4
DA:26,4
DA:27,4
DA:28,4
FN:47,System.Boolean Quantic.Log.LogCommandHandlerDecorator`1/<>c__DisplayClass6_0::<Handle>b__0(Quantic.Log.LogSetting)
FNDA:4,System.Boolean Quantic.Log.LogCommandHandlerDecorator`1/<>c__DisplayClass6_0::<Handle>b__0(Quantic.Log.LogSetting)
DA:48,4
FN:30,System.Void Quantic.Log.LogCommandHandlerDecorator`1/<Handle>d__6::MoveNext()
FNDA:3,System.Void Quantic.Log.LogCommandHandlerDecorator`1/<Handle>d__6::MoveNext()
DA:31,3
DA:32,3
DA:33,3
DA:35,3
DA:38,3
DA:39,3
DA:40,3
DA:41,0
DA:42,0
DA:43,0
DA:44,0
DA:46,3
DA:47,3
DA:50,3
DA:51,2
DA:52,2
DA:53,2
DA:54,2
DA:55,2
DA:56,2
DA:57,2
DA:58,2
DA:59,2
DA:60,2
DA:61,2
DA:62,2
DA:63,2
DA:64,2
DA:65,3
DA:67,3
DA:68,3
BRDA:48,396,0,0
BRDA:48,396,1,3
BRDA:50,435,0,1
BRDA:50,435,1,2
BRDA:50,455,0,2
BRDA:52,521,0,2
BRDA:52,521,1,0
BRDA:52,532,0,0
BRDA:52,532,1,2
BRDA:52,604,0,2
BRDA:52,604,1,0
BRDA:50,455,1,3
BRDA:65,781,0,0
BRDA:65,781,1,3
LF:42
LH:38
BRF:14
BRH:9
FNF:3
FNH:3
end_of_record
SF:/Users/turkel/Desktop/personal/projecets/Quantic/src/Quantic.Log/Main/LogQueryHandlerDecorator.cs
FN:18,System.Void Quantic.Log.LogQueryHandlerDecorator`2::.ctor(Quantic.Log.IRequestLogger,Quantic.Core.IQueryHandler`2<TQuery,TResponse>,Quantic.Log.LogSettings,Microsoft.Extensions.Logging.ILogger`1<TQuery>)
FNDA:3,System.Void Quantic.Log.LogQueryHandlerDecorator`2::.ctor(Quantic.Log.IRequestLogger,Quantic.Core.IQueryHandler`2<TQuery,TResponse>,Quantic.Log.LogSettings,Microsoft.Extensions.Logging.ILogger`1<TQuery>)
DA:19,3
DA:20,3
DA:21,3
DA:22,3
DA:23,3
DA:24,3
DA:25,3
DA:26,3
DA:27,3
DA:28,3
FN:47,System.Boolean Quantic.Log.LogQueryHandlerDecorator`2/<>c__DisplayClass6_0::<Handle>b__0(Quantic.Log.LogSetting)
FNDA:3,System.Boolean Quantic.Log.LogQueryHandlerDecorator`2/<>c__DisplayClass6_0::<Handle>b__0(Quantic.Log.LogSetting)
DA:48,3
FN:30,System.Void Quantic.Log.LogQueryHandlerDecorator`2/<Handle>d__6::MoveNext()
FNDA:2,System.Void Quantic.Log.LogQueryHandlerDecorator`2/<Handle>d__6::MoveNext()
DA:31,2
DA:32,2
DA:33,2
DA:35,2
DA:38,2
DA:39,2
DA:40,2
DA:41,0
DA:42,0
DA:43,0
DA:44,0
DA:46,2
DA:47,2
DA:50,2
DA:51,1
DA:52,1
DA:53,1
DA:54,1
DA:55,1
DA:56,1
DA:57,1
DA:58,1
DA:59,1
DA:60,1
DA:61,1
DA:62,1
DA:63,1
DA:64,1
DA:65,2
DA:67,2
DA:68,2
BRDA:48,396,0,0
BRDA:48,396,1,2
BRDA:50,435,0,1
BRDA:50,435,1,1
BRDA:50,455,0,1
BRDA:52,521,0,1
BRDA:52,521,1,0
BRDA:52,532,0,0
BRDA:52,532,1,1
BRDA:52,575,0,1
BRDA:52,575,1,0
BRDA:52,586,0,0
BRDA:52,586,1,1
BRDA:52,697,0,1
BRDA:52,697,1,0
BRDA:50,455,1,2
BRDA:65,874,0,0
BRDA:65,874,1,2
LF:42
LH:38
BRF:18
BRH:11
FNF:3
FNH:3
end_of_record
SF:/Users/turkel/Desktop/personal/projecets/Quantic/src/Quantic.Log/Main/LogSettings.cs
FN:9,Quantic.Log.LogSetting[] Quantic.Log.LogSettings::get_Settings()
FNDA:17,Quantic.Log.LogSetting[] Quantic.Log.LogSettings::get_Settings()
DA:10,17
FN:4,System.Void Quantic.Log.LogSettings::.ctor()
FNDA:9,System.Void Quantic.Log.LogSettings::.ctor()
DA:5,9
DA:6,9
DA:7,9
DA:8,9
FN:20,System.Boolean Quantic.Log.LogSetting::get_ShouldLog()
FNDA:6,System.Boolean Quantic.Log.LogSetting::get_ShouldLog()
DA:21,6
FN:21,System.String Quantic.Log.LogSetting::get_Name()
FNDA:4,System.String Quantic.Log.LogSetting::get_Name()
DA:22,4
FN:22,System.Boolean Quantic.Log.LogSetting::get_LogRequest()
FNDA:2,System.Boolean Quantic.Log.LogSetting::get_LogRequest()
DA:23,2
FN:23,System.Boolean Quantic.Log.LogSetting::get_LogResponse()
FNDA:2,System.Boolean Quantic.Log.LogSetting::get_LogResponse()
DA:24,2
FN:13,System.Void Quantic.Log.LogSetting::.ctor()
FNDA:2,System.Void Quantic.Log.LogSetting::.ctor()
DA:14,2
DA:15,2
DA:16,2
DA:17,2
DA:18,2
DA:19,2
LF:15
LH:15
BRF:0
BRH:0
FNF:7
FNH:7
end_of_record
SF:/Users/turkel/Desktop/personal/projecets/Quantic/src/Quantic.Log/Main/RequestLog.cs
FN:7,System.String Quantic.Log.RequestLog::get_Name()
FNDA:3,System.String Quantic.Log.RequestLog::get_Name()
DA:8,3
FN:8,System.Object Quantic.Log.RequestLog::get_Request()
FNDA:3,System.Object Quantic.Log.RequestLog::get_Request()
DA:9,3
FN:9,System.Object Quantic.Log.RequestLog::get_Response()
FNDA:3,System.Object Quantic.Log.RequestLog::get_Response()
DA:10,3
FN:10,System.DateTime Quantic.Log.RequestLog::get_RequestDate()
FNDA:3,System.DateTime Quantic.Log.RequestLog::get_RequestDate()
DA:11,3
FN:11,System.DateTime Quantic.Log.RequestLog::get_ResponseDate()
FNDA:3,System.DateTime Quantic.Log.RequestLog::get_ResponseDate()
DA:12,3
FN:12,System.String Quantic.Log.RequestLog::get_UserCode()
FNDA:3,System.String Quantic.Log.RequestLog::get_UserCode()
DA:13,3
FN:13,System.String Quantic.Log.RequestLog::get_CorrelationId()
FNDA:3,System.String Quantic.Log.RequestLog::get_CorrelationId()
DA:14,3
FN:14,Quantic.Log.Result Quantic.Log.RequestLog::get_Result()
FNDA:3,Quantic.Log.Result Quantic.Log.RequestLog::get_Result()
DA:15,3
FN:15,System.Boolean Quantic.Log.RequestLog::get_Retry()
FNDA:0,System.Boolean Quantic.Log.RequestLog::get_Retry()
DA:16,0
FN:16,System.Int32 Quantic.Log.RequestLog::get_Duration()
FNDA:0,System.Int32 Quantic.Log.RequestLog::get_Duration()
DA:17,0
FN:17,System.String Quantic.Log.RequestLog::get_Channel()
FNDA:3,System.String Quantic.Log.RequestLog::get_Channel()
DA:18,3
LF:11
LH:9
BRF:0
BRH:0
FNF:11
FNH:9
end_of_record
SF:/Users/turkel/Desktop/personal/projecets/Quantic/src/Quantic.Log/Main/RequestLogger.cs
FN:12,System.Void Quantic.Log.RequestLogger::.ctor(Microsoft.Extensions.Logging.ILogger`1<Quantic.Log.RequestLogger>)
FNDA:3,System.Void Quantic.Log.RequestLogger::.ctor(Microsoft.Extensions.Logging.ILogger`1<Quantic.Log.RequestLogger>)
DA:13,3
DA:14,3
DA:15,3
DA:16,3
FN:18,System.Void Quantic.Log.RequestLogger/<Log>d__2::MoveNext()
FNDA:0,System.Void Quantic.Log.RequestLogger/<Log>d__2::MoveNext()
DA:19,0
DA:20,0
DA:22,0
DA:23,0
DA:24,0
DA:25,0
DA:26,0
DA:28,0
DA:29,0
DA:31,0
DA:32,0
DA:33,0
BRDA:22,85,0,0
BRDA:22,85,1,0
BRDA:28,284,0,0
BRDA:28,284,1,0
LF:16
LH:4
BRF:4
BRH:0
FNF:2
FNH:1
end_of_record