SF:/Users/turkelgadirzade/Desktop/Projects/Quantic/src/Quantic.Cache.Redis/Composition/CompositionRedisCacheExtension.cs
FN:13,Quantic.Core.IQuanticBuilder Quantic.Cache.Redis.CompositionRedisCacheExtension::AddRedisCacheDecorator(Quantic.Core.IQuanticBuilder,System.Action`1<Quantic.Cache.Redis.RedisCacheOption>)
FNDA:4,Quantic.Core.IQuanticBuilder Quantic.Cache.Redis.CompositionRedisCacheExtension::AddRedisCacheDecorator(Quantic.Core.IQuanticBuilder,System.Action`1<Quantic.Cache.Redis.RedisCacheOption>)
DA:14,4
DA:15,4
DA:16,4
DA:18,4
DA:20,4
DA:22,4
DA:24,80
DA:25,16
DA:26,16
DA:27,16
DA:28,16
DA:37,4
DA:38,4
BRDA:16,8,1,2
BRDA:16,8,0,4
BRDA:18,21,0,0
BRDA:18,21,1,4
BRDA:18,33,0,4
BRDA:18,33,1,4
BRDA:24,187,1,16
BRDA:24,187,0,4
FN:30,System.Boolean Quantic.Cache.Redis.CompositionRedisCacheExtension::<AddRedisCacheDecorator>g__ShouldDecorate|0_0(Microsoft.Extensions.DependencyInjection.ServiceDescriptor)
FNDA:36,System.Boolean Quantic.Cache.Redis.CompositionRedisCacheExtension::<AddRedisCacheDecorator>g__ShouldDecorate|0_0(Microsoft.Extensions.DependencyInjection.ServiceDescriptor)
DA:31,36
DA:32,36
DA:33,36
DA:34,36
DA:35,36
BRDA:32,12,0,28
BRDA:32,40,0,28
BRDA:32,49,0,0
BRDA:32,49,1,28
BRDA:32,12,1,8
BRDA:32,40,1,8
LF:18
LH:18
BRF:14
BRH:12
FNF:2
FNH:2
end_of_record
SF:/Users/turkelgadirzade/Desktop/Projects/Quantic/src/Quantic.Cache.Redis/Composition/RedisCacheOption.cs
FN:6,Microsoft.Extensions.Caching.Redis.RedisCacheOptions Quantic.Cache.Redis.RedisCacheOption::get_RedisCacheOptions()
FNDA:0,Microsoft.Extensions.Caching.Redis.RedisCacheOptions Quantic.Cache.Redis.RedisCacheOption::get_RedisCacheOptions()
DA:7,0
LF:1
LH:0
BRF:0
BRH:0
FNF:1
FNH:0
end_of_record
SF:/Users/turkelgadirzade/Desktop/Projects/Quantic/src/Quantic.Cache.Redis/Main/CacheKeyProviderTypeException.cs
FN:6,System.Void Quantic.Cache.Redis.CacheKeyProviderTypeException::.ctor(System.String)
FNDA:6,System.Void Quantic.Cache.Redis.CacheKeyProviderTypeException::.ctor(System.String)
DA:7,6
LF:1
LH:1
BRF:0
BRH:0
FNF:1
FNH:1
end_of_record
SF:/Users/turkelgadirzade/Desktop/Projects/Quantic/src/Quantic.Cache.Redis/Main/CacheOption.cs
FN:7,System.Double Quantic.Cache.Redis.CacheOption::get_ExpireInSeconds()
FNDA:10,System.Double Quantic.Cache.Redis.CacheOption::get_ExpireInSeconds()
DA:8,10
FN:8,System.Type Quantic.Cache.Redis.CacheOption::get_CacheKeyProviderType()
FNDA:16,System.Type Quantic.Cache.Redis.CacheOption::get_CacheKeyProviderType()
DA:9,16
FN:17,System.Boolean Quantic.Cache.Redis.CacheOption::Equals(System.Object)
FNDA:1,System.Boolean Quantic.Cache.Redis.CacheOption::Equals(System.Object)
DA:18,1
DA:19,1
DA:20,1
DA:22,0
DA:23,1
BRDA:19,7,0,1
BRDA:19,7,1,0
FN:25,System.Boolean Quantic.Cache.Redis.CacheOption::Equals(Quantic.Cache.Redis.CacheOption)
FNDA:4,System.Boolean Quantic.Cache.Redis.CacheOption::Equals(Quantic.Cache.Redis.CacheOption)
DA:26,4
DA:27,4
DA:28,1
DA:30,3
DA:31,4
BRDA:27,7,0,1
BRDA:27,7,1,3
BRDA:30,33,0,2
BRDA:30,33,1,1
FN:33,System.Int32 Quantic.Cache.Redis.CacheOption::GetHashCode()
FNDA:0,System.Int32 Quantic.Cache.Redis.CacheOption::GetHashCode()
DA:34,0
DA:35,0
DA:36,0
FN:10,System.Void Quantic.Cache.Redis.CacheOption::.ctor(System.Double,System.Type)
FNDA:14,System.Void Quantic.Cache.Redis.CacheOption::.ctor(System.Double,System.Type)
DA:11,14
DA:12,14
DA:13,14
DA:14,14
DA:15,14
LF:20
LH:16
BRF:6
BRH:5
FNF:6
FNH:5
end_of_record
SF:/Users/turkelgadirzade/Desktop/Projects/Quantic/src/Quantic.Cache.Redis/Main/DecorateRedisCacheAttribute.cs
FN:7,System.Double Quantic.Cache.Redis.DecorateRedisCacheAttribute::get_ExpireInSeconds()
FNDA:10,System.Double Quantic.Cache.Redis.DecorateRedisCacheAttribute::get_ExpireInSeconds()
DA:8,10
FN:8,System.Type Quantic.Cache.Redis.DecorateRedisCacheAttribute::get_CacheKeyProviderType()
FNDA:10,System.Type Quantic.Cache.Redis.DecorateRedisCacheAttribute::get_CacheKeyProviderType()
DA:9,10
FN:10,System.Void Quantic.Cache.Redis.DecorateRedisCacheAttribute::.ctor(System.Double,System.Type)
FNDA:27,System.Void Quantic.Cache.Redis.DecorateRedisCacheAttribute::.ctor(System.Double,System.Type)
DA:11,27
DA:12,27
DA:13,27
DA:14,27
DA:15,27
LF:7
LH:7
BRF:0
BRH:0
FNF:3
FNH:3
end_of_record
SF:/Users/turkelgadirzade/Desktop/Projects/Quantic/src/Quantic.Cache.Redis/Main/QueryInfoProvider.cs
FN:51,Quantic.Cache.Redis.QueryInfo Quantic.Cache.Redis.QueryInfoProvider::GetQueryInfo(System.String)
FNDA:9,Quantic.Cache.Redis.QueryInfo Quantic.Cache.Redis.QueryInfoProvider::GetQueryInfo(System.String)
DA:52,9
DA:53,9
DA:54,9
BRDA:53,13,0,2
BRDA:53,13,1,7
FN:43,System.Boolean Quantic.Cache.Redis.QueryInfoProvider::<.ctor>g__IsQueryHandler|1_0(System.Type)
FNDA:12,System.Boolean Quantic.Cache.Redis.QueryInfoProvider::<.ctor>g__IsQueryHandler|1_0(System.Type)
DA:44,12
DA:45,12
DA:46,24
DA:47,24
DA:48,12
BRDA:46,6,0,12
BRDA:46,6,1,0
FN:10,System.Void Quantic.Cache.Redis.QueryInfoProvider::.ctor(System.Collections.Generic.IEnumerable`1<System.Type>)
FNDA:9,System.Void Quantic.Cache.Redis.QueryInfoProvider::.ctor(System.Collections.Generic.IEnumerable`1<System.Type>)
DA:11,9
DA:13,9
DA:14,9
DA:18,51
DA:19,12
DA:20,12
DA:21,12
DA:22,12
DA:24,12
DA:25,24
DA:26,24
DA:27,12
DA:28,12
DA:29,12
DA:31,12
DA:32,12
DA:33,12
DA:34,12
DA:35,12
DA:36,12
DA:37,12
DA:38,12
DA:39,12
DA:40,12
DA:41,12
DA:49,9
BRDA:18,204,1,12
BRDA:20,50,0,12
BRDA:31,162,0,5
BRDA:31,162,1,7
BRDA:20,50,1,12
BRDA:18,204,0,9
BRDA:25,6,0,12
BRDA:25,6,1,0
FN:59,System.String Quantic.Cache.Redis.QueryInfo::get_Name()
FNDA:17,System.String Quantic.Cache.Redis.QueryInfo::get_Name()
DA:60,17
FN:60,System.Boolean Quantic.Cache.Redis.QueryInfo::get_HasCache()
FNDA:19,System.Boolean Quantic.Cache.Redis.QueryInfo::get_HasCache()
DA:61,19
FN:61,System.Type Quantic.Cache.Redis.QueryInfo::get_HandlerType()
FNDA:14,System.Type Quantic.Cache.Redis.QueryInfo::get_HandlerType()
DA:62,14
FN:62,Quantic.Cache.Redis.CacheOption Quantic.Cache.Redis.QueryInfo::get_CacheOption()
FNDA:26,Quantic.Cache.Redis.CacheOption Quantic.Cache.Redis.QueryInfo::get_CacheOption()
DA:63,26
LF:38
LH:38
BRF:12
BRH:10
FNF:7
FNH:7
end_of_record
SF:/Users/turkelgadirzade/Desktop/Projects/Quantic/src/Quantic.Cache.Redis/Main/RedisCacheExtension.cs
FN:10,T Quantic.Cache.Redis.RedisCacheExtension::GetOrAdd(Microsoft.Extensions.Caching.Distributed.IDistributedCache,System.String,System.Func`1<T>)
FNDA:0,T Quantic.Cache.Redis.RedisCacheExtension::GetOrAdd(Microsoft.Extensions.Caching.Distributed.IDistributedCache,System.String,System.Func`1<T>)
DA:11,0
DA:12,0
DA:13,0
DA:14,0
DA:17,0
DA:18,0
DA:19,0
DA:20,0
BRDA:13,15,0,0
BRDA:13,15,1,0
FN:24,System.Void Quantic.Cache.Redis.RedisCacheExtension/<GetOrAddAsync>d__1`1::MoveNext()
FNDA:3,System.Void Quantic.Cache.Redis.RedisCacheExtension/<GetOrAddAsync>d__1`1::MoveNext()
DA:25,3
DA:26,3
DA:27,3
DA:28,2
DA:30,1
DA:31,1
DA:32,1
DA:33,1
DA:34,3
BRDA:27,194,0,2
BRDA:27,194,1,1
LF:17
LH:9
BRF:4
BRH:2
FNF:2
FNH:1
end_of_record
SF:/Users/turkelgadirzade/Desktop/Projects/Quantic/src/Quantic.Cache.Redis/Main/RedisCacheQueryHandlerDecorator.cs
FN:59,System.String Quantic.Cache.Redis.RedisCacheQueryHandlerDecorator`2::GetCacheEntryKey(TQuery,Quantic.Core.RequestContext,Quantic.Cache.Redis.QueryInfo)
FNDA:5,System.String Quantic.Cache.Redis.RedisCacheQueryHandlerDecorator`2::GetCacheEntryKey(TQuery,Quantic.Core.RequestContext,Quantic.Cache.Redis.QueryInfo)
DA:60,5
DA:62,5
DA:63,5
DA:64,5
DA:67,5
DA:68,5
DA:69,3
DA:72,2
DA:73,2
DA:74,2
DA:77,3
DA:78,3
DA:80,0
DA:81,0
DA:82,0
DA:84,3
DA:85,3
BRDA:62,20,0,5
BRDA:62,20,1,0
FN:14,System.Void Quantic.Cache.Redis.RedisCacheQueryHandlerDecorator`2::.ctor(Quantic.Core.IQueryHandler`2<TQuery,TResponse>,Microsoft.Extensions.Caching.Distributed.IDistributedCache,Quantic.Cache.Redis.IQueryInfoProvider)
FNDA:5,System.Void Quantic.Cache.Redis.RedisCacheQueryHandlerDecorator`2::.ctor(Quantic.Core.IQueryHandler`2<TQuery,TResponse>,Microsoft.Extensions.Caching.Distributed.IDistributedCache,Quantic.Cache.Redis.IQueryInfoProvider)
DA:15,5
DA:16,5
DA:17,5
DA:18,5
DA:19,5
DA:20,5
DA:21,5
DA:22,5
FN:39,System.Void Quantic.Cache.Redis.RedisCacheQueryHandlerDecorator`2/<>c__DisplayClass4_0/<<Handle>b__0>d::MoveNext()
FNDA:4,System.Void Quantic.Cache.Redis.RedisCacheQueryHandlerDecorator`2/<>c__DisplayClass4_0/<<Handle>b__0>d::MoveNext()
DA:40,4
DA:41,4
DA:43,4
DA:44,0
DA:45,0
DA:48,4
DA:49,4
DA:50,4
DA:51,4
DA:53,4
DA:54,4
BRDA:43,187,0,0
BRDA:43,187,1,1
BRDA:48,253,0,1
BRDA:48,253,1,1
FN:24,System.Void Quantic.Cache.Redis.RedisCacheQueryHandlerDecorator`2/<Handle>d__4::MoveNext()
FNDA:7,System.Void Quantic.Cache.Redis.RedisCacheQueryHandlerDecorator`2/<Handle>d__4::MoveNext()
DA:25,7
DA:26,7
DA:29,7
DA:30,2
DA:32,2
DA:35,5
DA:37,5
DA:39,3
DA:42,3
DA:46,3
DA:47,3
DA:52,3
DA:56,3
DA:57,5
BRDA:29,156,0,5
BRDA:29,156,1,2
BRDA:29,182,0,2
BRDA:29,182,1,5
LF:50
LH:45
BRF:10
BRH:8
FNF:4
FNH:4
end_of_record