SF:/Users/turkelgadirzade/Desktop/Projects/Framework/Quantic/src/Quantic.Core/Composition/QuanticBuilder.cs
FN:17,Microsoft.Extensions.DependencyInjection.IServiceCollection Quantic.Core.QuanticBuilder::get_Services()
FNDA:5,Microsoft.Extensions.DependencyInjection.IServiceCollection Quantic.Core.QuanticBuilder::get_Services()
DA:18,5
FN:19,System.Reflection.Assembly[] Quantic.Core.QuanticBuilder::get_Assemblies()
FNDA:1,System.Reflection.Assembly[] Quantic.Core.QuanticBuilder::get_Assemblies()
DA:20,1
FN:9,System.Void Quantic.Core.QuanticBuilder::.ctor(Microsoft.Extensions.DependencyInjection.IServiceCollection,System.Reflection.Assembly[])
FNDA:5,System.Void Quantic.Core.QuanticBuilder::.ctor(Microsoft.Extensions.DependencyInjection.IServiceCollection,System.Reflection.Assembly[])
DA:10,5
DA:11,5
DA:12,5
DA:13,4
DA:15,3
DA:16,3
DA:17,3
LF:9
LH:9
BRF:0
BRH:0
FNF:3
FNH:3
end_of_record
SF:/Users/turkelgadirzade/Desktop/Projects/Framework/Quantic/src/Quantic.Core/Composition/QuanticComposition.cs
FN:8,Quantic.Core.IQuanticBuilder Quantic.Core.QuanticComposition::AddQuantic(Microsoft.Extensions.DependencyInjection.IServiceCollection,System.Action`1<Quantic.Core.QuanticOptions>)
FNDA:3,Quantic.Core.IQuanticBuilder Quantic.Core.QuanticComposition::AddQuantic(Microsoft.Extensions.DependencyInjection.IServiceCollection,System.Action`1<Quantic.Core.QuanticOptions>)
DA:9,3
DA:10,3
DA:11,3
DA:13,3
DA:14,1
DA:16,2
DA:18,4
DA:19,6
DA:20,6
DA:21,6
DA:22,4
DA:23,4
DA:26,4
DA:27,6
DA:28,6
DA:29,6
DA:30,4
DA:31,4
DA:33,2
DA:34,2
BRDA:11,19,1,3
BRDA:11,19,0,3
BRDA:13,52,0,1
BRDA:13,52,1,2
LF:20
LH:20
BRF:8
BRH:8
FNF:1
FNH:1
end_of_record
SF:/Users/turkelgadirzade/Desktop/Projects/Framework/Quantic/src/Quantic.Core/Composition/QuanticOptions.cs
FN:6,System.Reflection.Assembly[] Quantic.Core.QuanticOptions::get_Assemblies()
FNDA:12,System.Reflection.Assembly[] Quantic.Core.QuanticOptions::get_Assemblies()
DA:7,12
LF:1
LH:1
BRF:0
BRH:0
FNF:1
FNH:1
end_of_record
SF:/Users/turkelgadirzade/Desktop/Projects/Framework/Quantic/src/Quantic.Core/Request/Messages.cs
FN:4,System.Void Quantic.Core.Messages::.cctor()
FNDA:1,System.Void Quantic.Core.Messages::.cctor()
DA:5,1
DA:6,1
LF:2
LH:2
BRF:0
BRH:0
FNF:1
FNH:1
end_of_record
SF:/Users/turkelgadirzade/Desktop/Projects/Framework/Quantic/src/Quantic.Core/Request/RequestContext.cs
FN:17,System.String Quantic.Core.RequestContext::get_TraceId()
FNDA:1,System.String Quantic.Core.RequestContext::get_TraceId()
DA:18,1
FN:18,System.Collections.Generic.IDictionary`2<System.String,System.String> Quantic.Core.RequestContext::get_Headers()
FNDA:3,System.Collections.Generic.IDictionary`2<System.String,System.String> Quantic.Core.RequestContext::get_Headers()
DA:19,3
FN:22,System.String Quantic.Core.RequestContext::get_AcceptLanguage()
FNDA:2,System.String Quantic.Core.RequestContext::get_AcceptLanguage()
DA:23,2
DA:25,2
DA:26,2
DA:27,2
FN:7,System.Void Quantic.Core.RequestContext::.ctor(System.String,System.Collections.Generic.IDictionary`2<System.String,System.String>)
FNDA:6,System.Void Quantic.Core.RequestContext::.ctor(System.String,System.Collections.Generic.IDictionary`2<System.String,System.String>)
DA:8,6
DA:9,6
DA:10,6
DA:11,6
DA:12,6
DA:13,6
DA:15,4
DA:16,3
BRDA:11,15,0,4
BRDA:11,15,1,2
BRDA:15,39,0,1
BRDA:15,39,1,3
LF:14
LH:14
BRF:4
BRH:4
FNF:4
FNH:4
end_of_record
SF:/Users/turkelgadirzade/Desktop/Projects/Framework/Quantic/src/Quantic.Core/Request/ValidationFailure.cs
FN:5,System.Void Quantic.Core.ValidationFailure::.ctor(System.String,System.String)
FNDA:5,System.Void Quantic.Core.ValidationFailure::.ctor(System.String,System.String)
DA:6,5
DA:7,3
DA:8,3
FN:10,System.Void Quantic.Core.ValidationFailure::.ctor(System.String)
FNDA:1,System.Void Quantic.Core.ValidationFailure::.ctor(System.String)
DA:11,1
DA:12,1
DA:14,1
LF:6
LH:6
BRF:0
BRH:0
FNF:2
FNH:2
end_of_record
SF:/Users/turkelgadirzade/Desktop/Projects/Framework/Quantic/src/Quantic.Core/Result/CommandResult.cs
FN:7,System.Guid Quantic.Core.CommandResult::get_Guid()
FNDA:2,System.Guid Quantic.Core.CommandResult::get_Guid()
DA:8,2
FN:12,System.Void Quantic.Core.CommandResult::.ctor(System.Collections.Generic.IList`1<Quantic.Core.Failure>,System.Boolean)
FNDA:2,System.Void Quantic.Core.CommandResult::.ctor(System.Collections.Generic.IList`1<Quantic.Core.Failure>,System.Boolean)
DA:13,2
DA:14,1
DA:15,1
FN:17,System.Void Quantic.Core.CommandResult::.ctor(Quantic.Core.Failure,System.Boolean)
FNDA:3,System.Void Quantic.Core.CommandResult::.ctor(Quantic.Core.Failure,System.Boolean)
DA:18,3
DA:19,3
DA:20,3
FN:22,System.Void Quantic.Core.CommandResult::.ctor(System.String,System.String)
FNDA:6,System.Void Quantic.Core.CommandResult::.ctor(System.String,System.String)
DA:23,6
DA:24,4
DA:25,4
FN:27,System.Void Quantic.Core.CommandResult::.ctor(System.Guid)
FNDA:2,System.Void Quantic.Core.CommandResult::.ctor(System.Guid)
DA:28,2
DA:29,2
DA:30,2
DA:31,1
BRDA:30,26,0,1
BRDA:30,26,1,1
FN:33,System.Void Quantic.Core.CommandResult::.ctor(System.Guid,System.String,System.String)
FNDA:3,System.Void Quantic.Core.CommandResult::.ctor(System.Guid,System.String,System.String)
DA:34,3
DA:35,3
DA:36,3
DA:37,1
BRDA:36,22,0,1
BRDA:36,22,1,2
FN:9,System.Void Quantic.Core.CommandResult::.cctor()
FNDA:1,System.Void Quantic.Core.CommandResult::.cctor()
DA:10,1
LF:19
LH:19
BRF:4
BRH:4
FNF:7
FNH:7
end_of_record
SF:/Users/turkelgadirzade/Desktop/Projects/Framework/Quantic/src/Quantic.Core/Result/Failure.cs
FN:21,System.String Quantic.Core.Failure::get_Code()
FNDA:18,System.String Quantic.Core.Failure::get_Code()
DA:22,18
FN:22,System.String Quantic.Core.Failure::get_Message()
FNDA:6,System.String Quantic.Core.Failure::get_Message()
DA:23,6
FN:6,System.Void Quantic.Core.Failure::.ctor(System.String,System.String)
FNDA:25,System.Void Quantic.Core.Failure::.ctor(System.String,System.String)
DA:7,25
DA:8,25
DA:9,25
DA:10,25
DA:11,25
DA:12,21
DA:13,21
BRDA:9,15,0,21
BRDA:9,15,1,4
FN:16,System.Void Quantic.Core.Failure::.ctor(System.String)
FNDA:16,System.Void Quantic.Core.Failure::.ctor(System.String)
DA:17,16
DA:18,16
DA:20,16
LF:12
LH:12
BRF:2
BRH:2
FNF:4
FNH:4
end_of_record
SF:/Users/turkelgadirzade/Desktop/Projects/Framework/Quantic/src/Quantic.Core/Result/QueryResult.cs
FN:6,TResult Quantic.Core.QueryResult`1::get_Result()
FNDA:4,TResult Quantic.Core.QueryResult`1::get_Result()
DA:7,4
FN:9,System.Void Quantic.Core.QueryResult`1::.ctor(System.Collections.Generic.IList`1<Quantic.Core.Failure>,System.Boolean)
FNDA:2,System.Void Quantic.Core.QueryResult`1::.ctor(System.Collections.Generic.IList`1<Quantic.Core.Failure>,System.Boolean)
DA:10,2
DA:11,1
DA:12,1
FN:14,System.Void Quantic.Core.QueryResult`1::.ctor(Quantic.Core.Failure,System.Boolean)
FNDA:3,System.Void Quantic.Core.QueryResult`1::.ctor(Quantic.Core.Failure,System.Boolean)
DA:15,3
DA:16,3
DA:17,3
FN:19,System.Void Quantic.Core.QueryResult`1::.ctor(TResult,System.String,System.String)
FNDA:7,System.Void Quantic.Core.QueryResult`1::.ctor(TResult,System.String,System.String)
DA:20,7
DA:21,5
DA:22,5
DA:23,5
FN:25,System.Void Quantic.Core.QueryResult`1::.ctor(TResult)
FNDA:2,System.Void Quantic.Core.QueryResult`1::.ctor(TResult)
DA:26,2
DA:27,2
DA:28,2
DA:29,2
LF:15
LH:15
BRF:0
BRH:0
FNF:5
FNH:5
end_of_record
SF:/Users/turkelgadirzade/Desktop/Projects/Framework/Quantic/src/Quantic.Core/Result/Result.cs
FN:38,System.String Quantic.Core.Result::get_Code()
FNDA:14,System.String Quantic.Core.Result::get_Code()
DA:39,14
FN:39,System.String Quantic.Core.Result::get_Message()
FNDA:7,System.String Quantic.Core.Result::get_Message()
DA:40,7
FN:40,System.Collections.Generic.IList`1<Quantic.Core.Failure> Quantic.Core.Result::get_Errors()
FNDA:121,System.Collections.Generic.IList`1<Quantic.Core.Failure> Quantic.Core.Result::get_Errors()
DA:41,121
FN:41,System.Boolean Quantic.Core.Result::get_Retry()
FNDA:26,System.Boolean Quantic.Core.Result::get_Retry()
DA:42,26
FN:46,System.Boolean Quantic.Core.Result::get_IsSuccess()
FNDA:53,System.Boolean Quantic.Core.Result::get_IsSuccess()
DA:47,53
DA:48,53
DA:49,53
BRDA:48,7,0,53
BRDA:48,7,1,0
FN:54,System.Boolean Quantic.Core.Result::get_HasError()
FNDA:26,System.Boolean Quantic.Core.Result::get_HasError()
DA:55,26
DA:56,26
DA:57,26
FN:62,System.String Quantic.Core.Result::ErrosToString()
FNDA:1,System.String Quantic.Core.Result::ErrosToString()
DA:63,1
DA:64,1
DA:65,1
DA:67,0
DA:68,1
BRDA:64,9,0,1
BRDA:64,9,1,0
BRDA:67,48,0,0
BRDA:67,48,1,0
FN:8,System.Void Quantic.Core.Result::.ctor(System.Collections.Generic.IList`1<Quantic.Core.Failure>,System.Boolean)
FNDA:16,System.Void Quantic.Core.Result::.ctor(System.Collections.Generic.IList`1<Quantic.Core.Failure>,System.Boolean)
DA:9,16
DA:10,16
DA:11,16
DA:12,1
DA:14,15
DA:15,3
DA:18,12
DA:19,12
DA:20,12
BRDA:11,14,0,1
BRDA:11,14,1,15
BRDA:14,38,0,3
BRDA:14,38,1,12
FN:22,System.Void Quantic.Core.Result::.ctor(Quantic.Core.Failure,System.Boolean)
FNDA:9,System.Void Quantic.Core.Result::.ctor(Quantic.Core.Failure,System.Boolean)
DA:23,9
DA:24,9
DA:26,9
FN:27,System.Void Quantic.Core.Result::.ctor(System.String,System.String)
FNDA:24,System.Void Quantic.Core.Result::.ctor(System.String,System.String)
DA:28,24
DA:29,24
DA:30,24
DA:31,24
DA:32,24
DA:34,18
DA:36,18
DA:37,18
BRDA:30,15,0,18
BRDA:30,15,1,6
FN:59,System.Void Quantic.Core.Result::.cctor()
FNDA:1,System.Void Quantic.Core.Result::.cctor()
DA:60,1
LF:36
LH:35
BRF:12
BRH:8
FNF:11
FNH:11
end_of_record
SF:/Users/turkelgadirzade/Desktop/Projects/Framework/Quantic/src/Quantic.Core/Util/AsyncLazy.cs
FN:8,System.Void Quantic.Core.Util.AsyncLazy`1::.ctor(System.Func`1<T>)
FNDA:0,System.Void Quantic.Core.Util.AsyncLazy`1::.ctor(System.Func`1<T>)
DA:9,0
DA:10,0
FN:11,System.Void Quantic.Core.Util.AsyncLazy`1::.ctor(System.Func`1<System.Threading.Tasks.Task`1<T>>)
FNDA:0,System.Void Quantic.Core.Util.AsyncLazy`1::.ctor(System.Func`1<System.Threading.Tasks.Task`1<T>>)
DA:12,0
DA:13,0
LF:4
LH:0
BRF:2
BRH:0
FNF:2
FNH:0
end_of_record
SF:/Users/turkelgadirzade/Desktop/Projects/Framework/Quantic/src/Quantic.Core/Util/Extensions.cs
FN:6,System.Void Quantic.Core.Util.Extensions::Guard(System.Object,System.String,System.String)
FNDA:0,System.Void Quantic.Core.Util.Extensions::Guard(System.Object,System.String,System.String)
DA:7,0
DA:8,0
DA:9,0
DA:11,0
BRDA:8,7,0,0
BRDA:8,7,1,0
FN:12,System.Void Quantic.Core.Util.Extensions::Guard(System.Object,System.String)
FNDA:9,System.Void Quantic.Core.Util.Extensions::Guard(System.Object,System.String)
DA:13,9
DA:14,11
DA:15,2
DA:17,7
BRDA:14,7,0,2
BRDA:14,7,1,7
FN:18,System.Void Quantic.Core.Util.Extensions::Guard(System.String,System.String,System.String)
FNDA:0,System.Void Quantic.Core.Util.Extensions::Guard(System.String,System.String,System.String)
DA:19,0
DA:20,0
DA:21,0
DA:24,0
DA:25,0
DA:27,0
BRDA:20,7,0,0
BRDA:20,7,1,0
BRDA:24,26,0,0
BRDA:24,26,1,0
FN:28,System.Void Quantic.Core.Util.Extensions::Guard(System.String,System.String)
FNDA:0,System.Void Quantic.Core.Util.Extensions::Guard(System.String,System.String)
DA:29,0
DA:30,0
DA:31,0
DA:34,0
DA:35,0
DA:37,0
BRDA:30,7,0,0
BRDA:30,7,1,0
BRDA:34,25,0,0
BRDA:34,25,1,0
LF:20
LH:4
BRF:12
BRH:2
FNF:4
FNH:1
end_of_record