SF:/Users/turkelgadirzade/Desktop/Projects/Quantic/src/Quantic.Core/Composition/QuanticBuilder.cs
FN:17,Microsoft.Extensions.DependencyInjection.IServiceCollection Quantic.Core.QuanticBuilder::get_Services()
FNDA:5,Microsoft.Extensions.DependencyInjection.IServiceCollection Quantic.Core.QuanticBuilder::get_Services()
DA:18,5
FN:19,System.Reflection.Assembly[] Quantic.Core.QuanticBuilder::get_Assemblies()
FNDA:1,System.Reflection.Assembly[] Quantic.Core.QuanticBuilder::get_Assemblies()
DA:20,1
FN:9,System.Void Quantic.Core.QuanticBuilder::.ctor(Microsoft.Extensions.DependencyInjection.IServiceCollection,System.Reflection.Assembly[])
FNDA:5,System.Void Quantic.Core.QuanticBuilder::.ctor(Microsoft.Extensions.DependencyInjection.IServiceCollection,System.Reflection.Assembly[])
DA:10,5
DA:11,5
DA:12,5
DA:13,4
DA:15,3
DA:16,3
DA:17,3
LF:9
LH:9
BRF:0
BRH:0
FNF:3
FNH:3
end_of_record
SF:/Users/turkelgadirzade/Desktop/Projects/Quantic/src/Quantic.Core/Composition/QuanticComposition.cs
FN:8,Quantic.Core.IQuanticBuilder Quantic.Core.QuanticComposition::AddQuantic(Microsoft.Extensions.DependencyInjection.IServiceCollection,System.Action`1<Quantic.Core.QuanticOptions>)
FNDA:3,Quantic.Core.IQuanticBuilder Quantic.Core.QuanticComposition::AddQuantic(Microsoft.Extensions.DependencyInjection.IServiceCollection,System.Action`1<Quantic.Core.QuanticOptions>)
DA:9,3
DA:10,3
DA:11,3
DA:13,3
DA:14,1
DA:16,2
DA:18,4
DA:19,6
DA:20,6
DA:21,4
DA:22,4
DA:25,4
DA:26,6
DA:27,6
DA:28,4
DA:29,4
DA:31,2
DA:32,2
BRDA:11,19,1,3
BRDA:11,19,0,3
BRDA:13,52,0,1
BRDA:13,52,1,2
LF:18
LH:18
BRF:8
BRH:8
FNF:1
FNH:1
end_of_record
SF:/Users/turkelgadirzade/Desktop/Projects/Quantic/src/Quantic.Core/Composition/QuanticOptions.cs
FN:6,System.Reflection.Assembly[] Quantic.Core.QuanticOptions::get_Assemblies()
FNDA:12,System.Reflection.Assembly[] Quantic.Core.QuanticOptions::get_Assemblies()
DA:7,12
LF:1
LH:1
BRF:0
BRH:0
FNF:1
FNH:1
end_of_record
SF:/Users/turkelgadirzade/Desktop/Projects/Quantic/src/Quantic.Core/Request/Messages.cs
FN:4,System.Void Quantic.Core.Messages::.cctor()
FNDA:1,System.Void Quantic.Core.Messages::.cctor()
DA:5,1
DA:6,1
LF:2
LH:2
BRF:0
BRH:0
FNF:1
FNH:1
end_of_record
SF:/Users/turkelgadirzade/Desktop/Projects/Quantic/src/Quantic.Core/Request/RequestContext.cs
FN:19,System.String Quantic.Core.RequestContext::get_TraceId()
FNDA:1,System.String Quantic.Core.RequestContext::get_TraceId()
DA:20,1
FN:20,System.Collections.Generic.IDictionary`2<System.String,System.String> Quantic.Core.RequestContext::get_Headers()
FNDA:3,System.Collections.Generic.IDictionary`2<System.String,System.String> Quantic.Core.RequestContext::get_Headers()
DA:21,3
FN:25,System.String Quantic.Core.RequestContext::get_AcceptLanguage()
FNDA:2,System.String Quantic.Core.RequestContext::get_AcceptLanguage()
DA:26,2
DA:27,2
DA:28,2
FN:33,System.String Quantic.Core.RequestContext::get_UserId()
FNDA:0,System.String Quantic.Core.RequestContext::get_UserId()
DA:34,0
DA:35,0
DA:36,0
FN:39,System.String Quantic.Core.RequestContext::GetValue(System.String)
FNDA:2,System.String Quantic.Core.RequestContext::GetValue(System.String)
DA:40,2
DA:41,2
DA:42,2
DA:43,2
DA:44,2
BRDA:42,10,0,0
BRDA:42,10,1,2
FN:46,System.Boolean Quantic.Core.RequestContext::GetOrAdd(System.String,System.String)
FNDA:0,System.Boolean Quantic.Core.RequestContext::GetOrAdd(System.String,System.String)
DA:47,0
DA:48,0
DA:49,0
BRDA:48,8,0,0
BRDA:48,8,1,0
FN:9,System.Void Quantic.Core.RequestContext::.ctor(System.String,System.Collections.Generic.IDictionary`2<System.String,System.String>)
FNDA:6,System.Void Quantic.Core.RequestContext::.ctor(System.String,System.Collections.Generic.IDictionary`2<System.String,System.String>)
DA:10,6
DA:11,6
DA:12,6
DA:13,6
DA:14,6
DA:15,6
DA:17,4
DA:18,3
BRDA:13,15,0,4
BRDA:13,15,1,2
BRDA:17,39,0,1
BRDA:17,39,1,3
LF:24
LH:18
BRF:8
BRH:5
FNF:7
FNH:5
end_of_record
SF:/Users/turkelgadirzade/Desktop/Projects/Quantic/src/Quantic.Core/Result/CommandResult.cs
FN:7,System.Guid Quantic.Core.CommandResult::get_Guid()
FNDA:2,System.Guid Quantic.Core.CommandResult::get_Guid()
DA:8,2
FN:11,Quantic.Core.CommandResult Quantic.Core.CommandResult::WithError(System.String,System.Boolean)
FNDA:3,Quantic.Core.CommandResult Quantic.Core.CommandResult::WithError(System.String,System.Boolean)
DA:12,3
DA:13,3
DA:14,3
FN:15,Quantic.Core.CommandResult Quantic.Core.CommandResult::WithError(System.String,System.String,System.Boolean)
FNDA:0,Quantic.Core.CommandResult Quantic.Core.CommandResult::WithError(System.String,System.String,System.Boolean)
DA:16,0
DA:17,0
DA:18,0
FN:20,Quantic.Core.CommandResult Quantic.Core.CommandResult::WithError(Quantic.Core.Failure,System.Boolean)
FNDA:1,Quantic.Core.CommandResult Quantic.Core.CommandResult::WithError(Quantic.Core.Failure,System.Boolean)
DA:21,1
DA:22,1
DA:23,1
FN:24,Quantic.Core.CommandResult Quantic.Core.CommandResult::WithError(System.Collections.Generic.IList`1<Quantic.Core.Failure>,System.Boolean)
FNDA:2,Quantic.Core.CommandResult Quantic.Core.CommandResult::WithError(System.Collections.Generic.IList`1<Quantic.Core.Failure>,System.Boolean)
DA:25,2
DA:26,2
DA:27,1
FN:28,Quantic.Core.CommandResult Quantic.Core.CommandResult::WithGuid(System.Guid)
FNDA:2,Quantic.Core.CommandResult Quantic.Core.CommandResult::WithGuid(System.Guid)
DA:29,2
DA:30,2
DA:31,1
FN:32,Quantic.Core.CommandResult Quantic.Core.CommandResult::WithCode(System.String)
FNDA:1,Quantic.Core.CommandResult Quantic.Core.CommandResult::WithCode(System.String)
DA:33,1
DA:34,1
DA:35,1
FN:36,Quantic.Core.CommandResult Quantic.Core.CommandResult::WithMessage(System.String,System.String)
FNDA:4,Quantic.Core.CommandResult Quantic.Core.CommandResult::WithMessage(System.String,System.String)
DA:37,4
DA:38,4
DA:39,2
FN:41,System.Void Quantic.Core.CommandResult::.ctor(System.Collections.Generic.IList`1<Quantic.Core.Failure>,System.Boolean)
FNDA:2,System.Void Quantic.Core.CommandResult::.ctor(System.Collections.Generic.IList`1<Quantic.Core.Failure>,System.Boolean)
DA:42,2
DA:43,1
DA:44,1
FN:46,System.Void Quantic.Core.CommandResult::.ctor(Quantic.Core.Failure,System.Boolean)
FNDA:6,System.Void Quantic.Core.CommandResult::.ctor(Quantic.Core.Failure,System.Boolean)
DA:47,6
DA:48,6
DA:49,6
FN:51,System.Void Quantic.Core.CommandResult::.ctor(System.String,System.String)
FNDA:6,System.Void Quantic.Core.CommandResult::.ctor(System.String,System.String)
DA:52,6
DA:53,4
DA:54,4
FN:56,System.Void Quantic.Core.CommandResult::.ctor(System.Guid)
FNDA:2,System.Void Quantic.Core.CommandResult::.ctor(System.Guid)
DA:57,2
DA:58,2
DA:59,2
DA:60,1
BRDA:59,26,0,1
BRDA:59,26,1,1
FN:62,System.Void Quantic.Core.CommandResult::.ctor(System.Guid,System.String,System.String)
FNDA:2,System.Void Quantic.Core.CommandResult::.ctor(System.Guid,System.String,System.String)
DA:63,2
DA:64,2
DA:65,2
DA:66,1
BRDA:65,22,0,1
BRDA:65,22,1,1
FN:9,System.Void Quantic.Core.CommandResult::.cctor()
FNDA:1,System.Void Quantic.Core.CommandResult::.cctor()
DA:10,1
LF:40
LH:37
BRF:4
BRH:4
FNF:14
FNH:13
end_of_record
SF:/Users/turkelgadirzade/Desktop/Projects/Quantic/src/Quantic.Core/Result/Failure.cs
FN:21,System.String Quantic.Core.Failure::get_Code()
FNDA:20,System.String Quantic.Core.Failure::get_Code()
DA:22,20
FN:22,System.String Quantic.Core.Failure::get_Message()
FNDA:6,System.String Quantic.Core.Failure::get_Message()
DA:23,6
FN:25,System.String Quantic.Core.Failure::ToString()
FNDA:0,System.String Quantic.Core.Failure::ToString()
DA:26,0
DA:27,0
DA:28,0
FN:6,System.Void Quantic.Core.Failure::.ctor(System.String,System.String)
FNDA:31,System.Void Quantic.Core.Failure::.ctor(System.String,System.String)
DA:7,31
DA:8,31
DA:9,31
DA:10,31
DA:11,31
DA:12,27
DA:13,27
BRDA:9,15,0,27
BRDA:9,15,1,4
FN:16,System.Void Quantic.Core.Failure::.ctor(System.String)
FNDA:22,System.Void Quantic.Core.Failure::.ctor(System.String)
DA:17,22
DA:18,22
DA:20,22
LF:15
LH:12
BRF:2
BRH:2
FNF:5
FNH:4
end_of_record
SF:/Users/turkelgadirzade/Desktop/Projects/Quantic/src/Quantic.Core/Result/QueryResult.cs
FN:6,TResult Quantic.Core.QueryResult`1::get_Result()
FNDA:4,TResult Quantic.Core.QueryResult`1::get_Result()
DA:7,4
FN:9,Quantic.Core.QueryResult`1<TResult> Quantic.Core.QueryResult`1::WithError(System.String,System.Boolean)
FNDA:3,Quantic.Core.QueryResult`1<TResult> Quantic.Core.QueryResult`1::WithError(System.String,System.Boolean)
DA:10,3
DA:11,3
DA:12,3
FN:13,Quantic.Core.QueryResult`1<TResult> Quantic.Core.QueryResult`1::WithError(System.String,System.String,System.Boolean)
FNDA:0,Quantic.Core.QueryResult`1<TResult> Quantic.Core.QueryResult`1::WithError(System.String,System.String,System.Boolean)
DA:14,0
DA:15,0
DA:16,0
FN:17,Quantic.Core.QueryResult`1<TResult> Quantic.Core.QueryResult`1::WithError(Quantic.Core.Failure,System.Boolean)
FNDA:3,Quantic.Core.QueryResult`1<TResult> Quantic.Core.QueryResult`1::WithError(Quantic.Core.Failure,System.Boolean)
DA:18,3
DA:19,3
DA:20,3
FN:21,Quantic.Core.QueryResult`1<TResult> Quantic.Core.QueryResult`1::WithError(System.Collections.Generic.IList`1<Quantic.Core.Failure>,System.Boolean)
FNDA:2,Quantic.Core.QueryResult`1<TResult> Quantic.Core.QueryResult`1::WithError(System.Collections.Generic.IList`1<Quantic.Core.Failure>,System.Boolean)
DA:22,2
DA:23,2
DA:24,1
FN:25,Quantic.Core.QueryResult`1<TResult> Quantic.Core.QueryResult`1::WithResult(TResult)
FNDA:2,Quantic.Core.QueryResult`1<TResult> Quantic.Core.QueryResult`1::WithResult(TResult)
DA:26,2
DA:27,2
DA:28,2
FN:30,Quantic.Core.QueryResult`1<TResult> Quantic.Core.QueryResult`1::WithCode(TResult,System.String)
FNDA:3,Quantic.Core.QueryResult`1<TResult> Quantic.Core.QueryResult`1::WithCode(TResult,System.String)
DA:31,3
DA:32,3
DA:33,1
FN:35,Quantic.Core.QueryResult`1<TResult> Quantic.Core.QueryResult`1::WithMessage(TResult,System.String,System.String)
FNDA:2,Quantic.Core.QueryResult`1<TResult> Quantic.Core.QueryResult`1::WithMessage(TResult,System.String,System.String)
DA:36,2
DA:37,2
DA:38,2
FN:40,System.Void Quantic.Core.QueryResult`1::.ctor(System.Collections.Generic.IList`1<Quantic.Core.Failure>,System.Boolean)
FNDA:2,System.Void Quantic.Core.QueryResult`1::.ctor(System.Collections.Generic.IList`1<Quantic.Core.Failure>,System.Boolean)
DA:41,2
DA:42,1
DA:43,1
FN:45,System.Void Quantic.Core.QueryResult`1::.ctor(Quantic.Core.Failure,System.Boolean)
FNDA:6,System.Void Quantic.Core.QueryResult`1::.ctor(Quantic.Core.Failure,System.Boolean)
DA:46,6
DA:47,6
DA:48,6
FN:50,System.Void Quantic.Core.QueryResult`1::.ctor(TResult,System.String,System.String)
FNDA:7,System.Void Quantic.Core.QueryResult`1::.ctor(TResult,System.String,System.String)
DA:51,7
DA:52,5
DA:53,5
DA:54,5
FN:56,System.Void Quantic.Core.QueryResult`1::.ctor(TResult)
FNDA:2,System.Void Quantic.Core.QueryResult`1::.ctor(TResult)
DA:57,2
DA:58,2
DA:59,2
DA:60,2
LF:36
LH:33
BRF:0
BRH:0
FNF:12
FNH:11
end_of_record
SF:/Users/turkelgadirzade/Desktop/Projects/Quantic/src/Quantic.Core/Result/Result.cs
FN:38,System.String Quantic.Core.Result::get_Code()
FNDA:14,System.String Quantic.Core.Result::get_Code()
DA:39,14
FN:39,System.String Quantic.Core.Result::get_Message()
FNDA:7,System.String Quantic.Core.Result::get_Message()
DA:40,7
FN:40,System.Collections.Generic.IList`1<Quantic.Core.Failure> Quantic.Core.Result::get_Errors()
FNDA:149,System.Collections.Generic.IList`1<Quantic.Core.Failure> Quantic.Core.Result::get_Errors()
DA:41,149
FN:41,System.Boolean Quantic.Core.Result::get_Retry()
FNDA:32,System.Boolean Quantic.Core.Result::get_Retry()
DA:42,32
FN:46,System.Boolean Quantic.Core.Result::get_IsSuccess()
FNDA:65,System.Boolean Quantic.Core.Result::get_IsSuccess()
DA:47,65
DA:48,65
DA:49,65
BRDA:48,7,0,65
BRDA:48,7,1,0
FN:54,System.Boolean Quantic.Core.Result::get_HasError()
FNDA:32,System.Boolean Quantic.Core.Result::get_HasError()
DA:55,32
DA:56,32
DA:57,32
FN:62,System.String Quantic.Core.Result::ErrorsToString()
FNDA:1,System.String Quantic.Core.Result::ErrorsToString()
DA:63,1
DA:64,1
DA:65,1
DA:67,0
DA:68,1
BRDA:64,9,0,1
BRDA:64,9,1,0
BRDA:67,48,0,0
BRDA:67,48,1,0
FN:8,System.Void Quantic.Core.Result::.ctor(System.Collections.Generic.IList`1<Quantic.Core.Failure>,System.Boolean)
FNDA:22,System.Void Quantic.Core.Result::.ctor(System.Collections.Generic.IList`1<Quantic.Core.Failure>,System.Boolean)
DA:9,22
DA:10,22
DA:11,22
DA:12,1
DA:14,21
DA:15,3
DA:18,18
DA:19,18
DA:20,18
BRDA:11,14,0,1
BRDA:11,14,1,21
BRDA:14,38,0,3
BRDA:14,38,1,18
FN:22,System.Void Quantic.Core.Result::.ctor(Quantic.Core.Failure,System.Boolean)
FNDA:15,System.Void Quantic.Core.Result::.ctor(Quantic.Core.Failure,System.Boolean)
DA:23,15
DA:24,15
DA:26,15
FN:27,System.Void Quantic.Core.Result::.ctor(System.String,System.String)
FNDA:23,System.Void Quantic.Core.Result::.ctor(System.String,System.String)
DA:28,23
DA:29,23
DA:30,23
DA:31,23
DA:32,23
DA:34,17
DA:36,17
DA:37,17
BRDA:30,15,0,17
BRDA:30,15,1,6
FN:59,System.Void Quantic.Core.Result::.cctor()
FNDA:1,System.Void Quantic.Core.Result::.cctor()
DA:60,1
LF:36
LH:35
BRF:12
BRH:8
FNF:11
FNH:11
end_of_record
SF:/Users/turkelgadirzade/Desktop/Projects/Quantic/src/Quantic.Core/Result/ValidationFailure.cs
FN:4,Quantic.Core.ValidationFailureState Quantic.Core.ValidationFailure::get_State()
FNDA:0,Quantic.Core.ValidationFailureState Quantic.Core.ValidationFailure::get_State()
DA:5,0
FN:6,System.Void Quantic.Core.ValidationFailure::.ctor(System.String,System.String,Quantic.Core.ValidationFailureState)
FNDA:5,System.Void Quantic.Core.ValidationFailure::.ctor(System.String,System.String,Quantic.Core.ValidationFailureState)
DA:7,5
DA:8,3
DA:9,3
DA:10,3
FN:11,System.Void Quantic.Core.ValidationFailure::.ctor(System.String,System.String)
FNDA:4,System.Void Quantic.Core.ValidationFailure::.ctor(System.String,System.String)
DA:12,4
DA:13,2
DA:14,2
FN:15,System.Void Quantic.Core.ValidationFailure::.ctor(System.String)
FNDA:1,System.Void Quantic.Core.ValidationFailure::.ctor(System.String)
DA:16,1
DA:17,1
DA:18,1
LF:11
LH:10
BRF:0
BRH:0
FNF:4
FNH:3
end_of_record
SF:/Users/turkelgadirzade/Desktop/Projects/Quantic/src/Quantic.Core/Util/Extensions.cs
FN:8,System.Void Quantic.Core.Extensions::Guard(System.Object,System.String,System.String)
FNDA:0,System.Void Quantic.Core.Extensions::Guard(System.Object,System.String,System.String)
DA:9,0
DA:10,0
DA:11,0
DA:13,0
BRDA:10,7,0,0
BRDA:10,7,1,0
FN:14,System.Void Quantic.Core.Extensions::Guard(System.Object,System.String)
FNDA:9,System.Void Quantic.Core.Extensions::Guard(System.Object,System.String)
DA:15,9
DA:16,11
DA:17,2
DA:19,7
BRDA:16,7,0,2
BRDA:16,7,1,7
FN:20,System.Void Quantic.Core.Extensions::Guard(System.String,System.String,System.String)
FNDA:0,System.Void Quantic.Core.Extensions::Guard(System.String,System.String,System.String)
DA:21,0
DA:22,0
DA:23,0
DA:26,0
DA:27,0
DA:29,0
BRDA:22,7,0,0
BRDA:22,7,1,0
BRDA:26,26,0,0
BRDA:26,26,1,0
FN:30,System.Void Quantic.Core.Extensions::Guard(System.String,System.String)
FNDA:0,System.Void Quantic.Core.Extensions::Guard(System.String,System.String)
DA:31,0
DA:32,0
DA:33,0
DA:36,0
DA:37,0
DA:39,0
BRDA:32,7,0,0
BRDA:32,7,1,0
BRDA:36,25,0,0
BRDA:36,25,1,0
FN:41,System.Boolean Quantic.Core.Extensions::HasError(Quantic.Core.CommandResult,System.String)
FNDA:0,System.Boolean Quantic.Core.Extensions::HasError(Quantic.Core.CommandResult,System.String)
DA:42,0
DA:43,0
DA:45,0
DA:46,0
BRDA:43,22,0,0
BRDA:43,22,1,0
FN:47,System.Boolean Quantic.Core.Extensions::HasError(Quantic.Core.QueryResult`1<TResult>,System.String)
FNDA:0,System.Boolean Quantic.Core.Extensions::HasError(Quantic.Core.QueryResult`1<TResult>,System.String)
DA:48,0
DA:49,0
DA:51,0
DA:52,0
BRDA:49,22,0,0
BRDA:49,22,1,0
FN:54,System.String Quantic.Core.Extensions::GetValue(Quantic.Core.RequestContext,System.String)
FNDA:0,System.String Quantic.Core.Extensions::GetValue(Quantic.Core.RequestContext,System.String)
DA:55,0
DA:56,0
DA:57,0
DA:58,0
FN:60,System.Boolean Quantic.Core.Extensions::Add(Quantic.Core.RequestContext,System.String,System.String)
FNDA:0,System.Boolean Quantic.Core.Extensions::Add(Quantic.Core.RequestContext,System.String,System.String)
DA:61,0
DA:62,0
DA:63,0
LF:35
LH:4
BRF:16
BRH:2
FNF:8
FNH:1
end_of_record
SF:/Users/turkelgadirzade/Desktop/Projects/Quantic/src/Quantic.Core/Util/AsyncLazy.cs
FN:8,System.Void Quantic.Core.Util.AsyncLazy`1::.ctor(System.Func`1<T>)
FNDA:0,System.Void Quantic.Core.Util.AsyncLazy`1::.ctor(System.Func`1<T>)
DA:9,0
DA:10,0
FN:11,System.Void Quantic.Core.Util.AsyncLazy`1::.ctor(System.Func`1<System.Threading.Tasks.Task`1<T>>)
FNDA:0,System.Void Quantic.Core.Util.AsyncLazy`1::.ctor(System.Func`1<System.Threading.Tasks.Task`1<T>>)
DA:12,0
DA:13,0
LF:4
LH:0
BRF:2
BRH:0
FNF:2
FNH:0
end_of_record